{"/Users/alexander/letsnet/root/bmpjs/ssr/core/sitemap-generator.mjs": {"path":"/Users/alexander/letsnet/root/bmpjs/ssr/core/sitemap-generator.mjs","statementMap":{"0":{"start":{"line":6,"column":15},"end":{"line":6,"column":56}},"1":{"start":{"line":7,"column":18},"end":{"line":7,"column":112}},"2":{"start":{"line":7,"column":29},"end":{"line":7,"column":112}},"3":{"start":{"line":8,"column":15},"end":{"line":8,"column":54}},"4":{"start":{"line":8,"column":22},"end":{"line":8,"column":54}},"5":{"start":{"line":14,"column":2},"end":{"line":14,"column":22}},"6":{"start":{"line":15,"column":2},"end":{"line":15,"column":22}},"7":{"start":{"line":20,"column":15},"end":{"line":24,"column":4}},"8":{"start":{"line":22,"column":23},"end":{"line":22,"column":57}},"9":{"start":{"line":23,"column":3},"end":{"line":23,"column":29}},"10":{"start":{"line":25,"column":2},"end":{"line":25,"column":44}}},"fnMap":{"0":{"name":"(anonymous_0)","decl":{"start":{"line":7,"column":18},"end":{"line":7,"column":19}},"loc":{"start":{"line":7,"column":29},"end":{"line":7,"column":112}},"line":7},"1":{"name":"(anonymous_1)","decl":{"start":{"line":8,"column":15},"end":{"line":8,"column":16}},"loc":{"start":{"line":8,"column":22},"end":{"line":8,"column":54}},"line":8},"2":{"name":"(anonymous_2)","decl":{"start":{"line":12,"column":1},"end":{"line":12,"column":2}},"loc":{"start":{"line":12,"column":31},"end":{"line":16,"column":2}},"line":12},"3":{"name":"(anonymous_3)","decl":{"start":{"line":18,"column":1},"end":{"line":18,"column":2}},"loc":{"start":{"line":18,"column":9},"end":{"line":27,"column":2}},"line":18},"4":{"name":"(anonymous_4)","decl":{"start":{"line":20,"column":32},"end":{"line":20,"column":33}},"loc":{"start":{"line":20,"column":39},"end":{"line":24,"column":3}},"line":20}},"branchMap":{},"s":{"0":1,"1":1,"2":1,"3":1,"4":2,"5":1,"6":1,"7":1,"8":2,"9":2,"10":1},"f":{"0":1,"1":2,"2":1,"3":1,"4":2},"b":{},"_coverageSchema":"43e27e138ebf9cfc5966b082cf9a028302ed4184","hash":"4294eaed85c639a962b22563294cfa5ebb452d1c"}
,"/Users/alexander/letsnet/root/bmpjs/ssr/dom/custom-elements.mjs": {"path":"/Users/alexander/letsnet/root/bmpjs/ssr/dom/custom-elements.mjs","statementMap":{"0":{"start":{"line":7,"column":2},"end":{"line":7,"column":28}},"1":{"start":{"line":11,"column":2},"end":{"line":11,"column":76}},"2":{"start":{"line":11,"column":48},"end":{"line":11,"column":74}},"3":{"start":{"line":16,"column":2},"end":{"line":16,"column":43}},"4":{"start":{"line":21,"column":2},"end":{"line":22,"column":67}},"5":{"start":{"line":22,"column":3},"end":{"line":22,"column":67}},"6":{"start":{"line":24,"column":2},"end":{"line":27,"column":4}},"7":{"start":{"line":31,"column":23},"end":{"line":31,"column":43}}},"fnMap":{"0":{"name":"(anonymous_0)","decl":{"start":{"line":6,"column":1},"end":{"line":6,"column":2}},"loc":{"start":{"line":6,"column":15},"end":{"line":8,"column":2}},"line":6},"1":{"name":"(anonymous_1)","decl":{"start":{"line":10,"column":1},"end":{"line":10,"column":2}},"loc":{"start":{"line":10,"column":31},"end":{"line":12,"column":2}},"line":10},"2":{"name":"(anonymous_2)","decl":{"start":{"line":11,"column":37},"end":{"line":11,"column":38}},"loc":{"start":{"line":11,"column":48},"end":{"line":11,"column":74}},"line":11},"3":{"name":"(anonymous_3)","decl":{"start":{"line":14,"column":1},"end":{"line":14,"column":2}},"loc":{"start":{"line":14,"column":16},"end":{"line":17,"column":2}},"line":14},"4":{"name":"(anonymous_4)","decl":{"start":{"line":20,"column":2},"end":{"line":20,"column":3}},"loc":{"start":{"line":20,"column":33},"end":{"line":28,"column":3}},"line":20}},"branchMap":{"0":{"loc":{"start":{"line":21,"column":2},"end":{"line":22,"column":67}},"type":"if","locations":[{"start":{"line":21,"column":2},"end":{"line":22,"column":67}},{"start":{"line":21,"column":2},"end":{"line":22,"column":67}}],"line":21}},"s":{"0":5,"1":12,"2":4,"3":9,"4":3,"5":1,"6":2,"7":4},"f":{"0":5,"1":12,"2":4,"3":9,"4":3},"b":{"0":[1,2]},"_coverageSchema":"43e27e138ebf9cfc5966b082cf9a028302ed4184","hash":"5f03caa8549b05c76d66815583a1a3e7586837c5"}
,"/Users/alexander/letsnet/root/bmpjs/ssr/dom/element.mjs": {"path":"/Users/alexander/letsnet/root/bmpjs/ssr/dom/element.mjs","statementMap":{"0":{"start":{"line":8,"column":2},"end":{"line":8,"column":36}},"1":{"start":{"line":9,"column":2},"end":{"line":9,"column":37}},"2":{"start":{"line":9,"column":15},"end":{"line":9,"column":37}},"3":{"start":{"line":10,"column":2},"end":{"line":10,"column":22}},"4":{"start":{"line":11,"column":2},"end":{"line":11,"column":33}},"5":{"start":{"line":12,"column":2},"end":{"line":12,"column":19}},"6":{"start":{"line":14,"column":2},"end":{"line":14,"column":14}},"7":{"start":{"line":15,"column":2},"end":{"line":15,"column":22}},"8":{"start":{"line":20,"column":20},"end":{"line":20,"column":38}},"9":{"start":{"line":27,"column":20},"end":{"line":27,"column":31}},"10":{"start":{"line":30,"column":14},"end":{"line":30,"column":23}},"11":{"start":{"line":34,"column":2},"end":{"line":34,"column":42}},"12":{"start":{"line":37,"column":2},"end":{"line":37,"column":50}},"13":{"start":{"line":37,"column":39},"end":{"line":37,"column":48}},"14":{"start":{"line":42,"column":15},"end":{"line":42,"column":65}},"15":{"start":{"line":42,"column":52},"end":{"line":42,"column":63}},"16":{"start":{"line":43,"column":2},"end":{"line":43,"column":31}},"17":{"start":{"line":47,"column":2},"end":{"line":47,"column":59}},"18":{"start":{"line":47,"column":46},"end":{"line":47,"column":57}},"19":{"start":{"line":51,"column":2},"end":{"line":51,"column":30}},"20":{"start":{"line":55,"column":15},"end":{"line":55,"column":37}},"21":{"start":{"line":56,"column":2},"end":{"line":59,"column":51}},"22":{"start":{"line":57,"column":3},"end":{"line":57,"column":40}},"23":{"start":{"line":59,"column":3},"end":{"line":59,"column":51}},"24":{"start":{"line":63,"column":2},"end":{"line":63,"column":25}},"25":{"start":{"line":66,"column":2},"end":{"line":66,"column":61}},"26":{"start":{"line":70,"column":16},"end":{"line":70,"column":48}},"27":{"start":{"line":71,"column":2},"end":{"line":74,"column":80}},"28":{"start":{"line":72,"column":3},"end":{"line":72,"column":45}},"29":{"start":{"line":74,"column":3},"end":{"line":74,"column":80}},"30":{"start":{"line":78,"column":2},"end":{"line":90,"column":3}},"31":{"start":{"line":80,"column":4},"end":{"line":80,"column":100}},"32":{"start":{"line":80,"column":28},"end":{"line":80,"column":100}},"33":{"start":{"line":81,"column":22},"end":{"line":81,"column":48}},"34":{"start":{"line":82,"column":4},"end":{"line":82,"column":90}},"35":{"start":{"line":85,"column":20},"end":{"line":85,"column":46}},"36":{"start":{"line":86,"column":4},"end":{"line":86,"column":78}},"37":{"start":{"line":89,"column":21},"end":{"line":89,"column":34}},"38":{"start":{"line":94,"column":13},"end":{"line":94,"column":24}},"39":{"start":{"line":97,"column":22},"end":{"line":97,"column":30}},"40":{"start":{"line":98,"column":20},"end":{"line":98,"column":28}},"41":{"start":{"line":99,"column":19},"end":{"line":99,"column":27}},"42":{"start":{"line":100,"column":21},"end":{"line":100,"column":29}},"43":{"start":{"line":102,"column":22},"end":{"line":102,"column":30}},"44":{"start":{"line":103,"column":20},"end":{"line":103,"column":28}},"45":{"start":{"line":104,"column":23},"end":{"line":104,"column":31}},"46":{"start":{"line":105,"column":19},"end":{"line":105,"column":27}},"47":{"start":{"line":106,"column":22},"end":{"line":106,"column":30}},"48":{"start":{"line":107,"column":21},"end":{"line":107,"column":29}}},"fnMap":{"0":{"name":"(anonymous_0)","decl":{"start":{"line":7,"column":1},"end":{"line":7,"column":2}},"loc":{"start":{"line":7,"column":47},"end":{"line":16,"column":2}},"line":7},"1":{"name":"(anonymous_1)","decl":{"start":{"line":19,"column":1},"end":{"line":19,"column":2}},"loc":{"start":{"line":19,"column":11},"end":{"line":19,"column":13}},"line":19},"2":{"name":"(anonymous_2)","decl":{"start":{"line":20,"column":1},"end":{"line":20,"column":2}},"loc":{"start":{"line":20,"column":18},"end":{"line":20,"column":40}},"line":20},"3":{"name":"(anonymous_3)","decl":{"start":{"line":22,"column":1},"end":{"line":22,"column":2}},"loc":{"start":{"line":22,"column":16},"end":{"line":22,"column":18}},"line":22},"4":{"name":"(anonymous_4)","decl":{"start":{"line":23,"column":1},"end":{"line":23,"column":2}},"loc":{"start":{"line":23,"column":25},"end":{"line":23,"column":27}},"line":23},"5":{"name":"(anonymous_5)","decl":{"start":{"line":24,"column":1},"end":{"line":24,"column":2}},"loc":{"start":{"line":24,"column":22},"end":{"line":24,"column":24}},"line":24},"6":{"name":"(anonymous_6)","decl":{"start":{"line":27,"column":1},"end":{"line":27,"column":2}},"loc":{"start":{"line":27,"column":18},"end":{"line":27,"column":33}},"line":27},"7":{"name":"(anonymous_7)","decl":{"start":{"line":28,"column":1},"end":{"line":28,"column":2}},"loc":{"start":{"line":28,"column":20},"end":{"line":28,"column":22}},"line":28},"8":{"name":"(anonymous_8)","decl":{"start":{"line":29,"column":1},"end":{"line":29,"column":2}},"loc":{"start":{"line":29,"column":24},"end":{"line":29,"column":26}},"line":29},"9":{"name":"(anonymous_9)","decl":{"start":{"line":30,"column":1},"end":{"line":30,"column":2}},"loc":{"start":{"line":30,"column":12},"end":{"line":30,"column":25}},"line":30},"10":{"name":"(anonymous_10)","decl":{"start":{"line":33,"column":1},"end":{"line":33,"column":2}},"loc":{"start":{"line":33,"column":19},"end":{"line":35,"column":2}},"line":33},"11":{"name":"(anonymous_11)","decl":{"start":{"line":36,"column":1},"end":{"line":36,"column":2}},"loc":{"start":{"line":36,"column":21},"end":{"line":38,"column":2}},"line":36},"12":{"name":"(anonymous_12)","decl":{"start":{"line":37,"column":31},"end":{"line":37,"column":32}},"loc":{"start":{"line":37,"column":39},"end":{"line":37,"column":48}},"line":37},"13":{"name":"(anonymous_13)","decl":{"start":{"line":39,"column":1},"end":{"line":39,"column":2}},"loc":{"start":{"line":39,"column":18},"end":{"line":39,"column":20}},"line":39},"14":{"name":"(anonymous_14)","decl":{"start":{"line":41,"column":1},"end":{"line":41,"column":2}},"loc":{"start":{"line":41,"column":19},"end":{"line":44,"column":2}},"line":41},"15":{"name":"(anonymous_15)","decl":{"start":{"line":42,"column":38},"end":{"line":42,"column":39}},"loc":{"start":{"line":42,"column":52},"end":{"line":42,"column":63}},"line":42},"16":{"name":"(anonymous_16)","decl":{"start":{"line":46,"column":1},"end":{"line":46,"column":2}},"loc":{"start":{"line":46,"column":22},"end":{"line":48,"column":2}},"line":46},"17":{"name":"(anonymous_17)","decl":{"start":{"line":47,"column":32},"end":{"line":47,"column":33}},"loc":{"start":{"line":47,"column":46},"end":{"line":47,"column":57}},"line":47},"18":{"name":"(anonymous_18)","decl":{"start":{"line":50,"column":1},"end":{"line":50,"column":2}},"loc":{"start":{"line":50,"column":22},"end":{"line":52,"column":2}},"line":50},"19":{"name":"(anonymous_19)","decl":{"start":{"line":54,"column":1},"end":{"line":54,"column":2}},"loc":{"start":{"line":54,"column":24},"end":{"line":60,"column":2}},"line":54},"20":{"name":"(anonymous_20)","decl":{"start":{"line":62,"column":1},"end":{"line":62,"column":2}},"loc":{"start":{"line":62,"column":18},"end":{"line":64,"column":2}},"line":62},"21":{"name":"(anonymous_21)","decl":{"start":{"line":65,"column":1},"end":{"line":65,"column":2}},"loc":{"start":{"line":65,"column":23},"end":{"line":67,"column":2}},"line":65},"22":{"name":"(anonymous_22)","decl":{"start":{"line":69,"column":1},"end":{"line":69,"column":2}},"loc":{"start":{"line":69,"column":17},"end":{"line":75,"column":2}},"line":69},"23":{"name":"(anonymous_23)","decl":{"start":{"line":77,"column":1},"end":{"line":77,"column":2}},"loc":{"start":{"line":77,"column":17},"end":{"line":91,"column":2}},"line":77},"24":{"name":"(anonymous_24)","decl":{"start":{"line":79,"column":8},"end":{"line":79,"column":9}},"loc":{"start":{"line":79,"column":27},"end":{"line":83,"column":4}},"line":79},"25":{"name":"(anonymous_25)","decl":{"start":{"line":84,"column":11},"end":{"line":84,"column":12}},"loc":{"start":{"line":84,"column":24},"end":{"line":87,"column":4}},"line":84},"26":{"name":"(anonymous_26)","decl":{"start":{"line":88,"column":11},"end":{"line":88,"column":12}},"loc":{"start":{"line":88,"column":17},"end":{"line":88,"column":19}},"line":88},"27":{"name":"(anonymous_27)","decl":{"start":{"line":89,"column":13},"end":{"line":89,"column":14}},"loc":{"start":{"line":89,"column":19},"end":{"line":89,"column":36}},"line":89},"28":{"name":"(anonymous_28)","decl":{"start":{"line":94,"column":1},"end":{"line":94,"column":2}},"loc":{"start":{"line":94,"column":11},"end":{"line":94,"column":26}},"line":94},"29":{"name":"(anonymous_29)","decl":{"start":{"line":97,"column":1},"end":{"line":97,"column":2}},"loc":{"start":{"line":97,"column":20},"end":{"line":97,"column":32}},"line":97},"30":{"name":"(anonymous_30)","decl":{"start":{"line":98,"column":1},"end":{"line":98,"column":2}},"loc":{"start":{"line":98,"column":18},"end":{"line":98,"column":30}},"line":98},"31":{"name":"(anonymous_31)","decl":{"start":{"line":99,"column":1},"end":{"line":99,"column":2}},"loc":{"start":{"line":99,"column":17},"end":{"line":99,"column":29}},"line":99},"32":{"name":"(anonymous_32)","decl":{"start":{"line":100,"column":1},"end":{"line":100,"column":2}},"loc":{"start":{"line":100,"column":19},"end":{"line":100,"column":31}},"line":100},"33":{"name":"(anonymous_33)","decl":{"start":{"line":102,"column":1},"end":{"line":102,"column":2}},"loc":{"start":{"line":102,"column":20},"end":{"line":102,"column":32}},"line":102},"34":{"name":"(anonymous_34)","decl":{"start":{"line":103,"column":1},"end":{"line":103,"column":2}},"loc":{"start":{"line":103,"column":18},"end":{"line":103,"column":30}},"line":103},"35":{"name":"(anonymous_35)","decl":{"start":{"line":104,"column":1},"end":{"line":104,"column":2}},"loc":{"start":{"line":104,"column":21},"end":{"line":104,"column":33}},"line":104},"36":{"name":"(anonymous_36)","decl":{"start":{"line":105,"column":1},"end":{"line":105,"column":2}},"loc":{"start":{"line":105,"column":17},"end":{"line":105,"column":29}},"line":105},"37":{"name":"(anonymous_37)","decl":{"start":{"line":106,"column":1},"end":{"line":106,"column":2}},"loc":{"start":{"line":106,"column":20},"end":{"line":106,"column":32}},"line":106},"38":{"name":"(anonymous_38)","decl":{"start":{"line":107,"column":1},"end":{"line":107,"column":2}},"loc":{"start":{"line":107,"column":19},"end":{"line":107,"column":31}},"line":107},"39":{"name":"(anonymous_39)","decl":{"start":{"line":109,"column":1},"end":{"line":109,"column":2}},"loc":{"start":{"line":109,"column":20},"end":{"line":109,"column":22}},"line":109},"40":{"name":"(anonymous_40)","decl":{"start":{"line":112,"column":1},"end":{"line":112,"column":2}},"loc":{"start":{"line":112,"column":17},"end":{"line":112,"column":19}},"line":112}},"branchMap":{"0":{"loc":{"start":{"line":7,"column":22},"end":{"line":7,"column":37}},"type":"default-arg","locations":[{"start":{"line":7,"column":35},"end":{"line":7,"column":37}}],"line":7},"1":{"loc":{"start":{"line":8,"column":20},"end":{"line":8,"column":36}},"type":"binary-expr","locations":[{"start":{"line":8,"column":20},"end":{"line":8,"column":30}},{"start":{"line":8,"column":34},"end":{"line":8,"column":36}}],"line":8},"2":{"loc":{"start":{"line":9,"column":2},"end":{"line":9,"column":37}},"type":"if","locations":[{"start":{"line":9,"column":2},"end":{"line":9,"column":37}},{"start":{"line":9,"column":2},"end":{"line":9,"column":37}}],"line":9},"3":{"loc":{"start":{"line":43,"column":9},"end":{"line":43,"column":31}},"type":"cond-expr","locations":[{"start":{"line":43,"column":16},"end":{"line":43,"column":26}},{"start":{"line":43,"column":29},"end":{"line":43,"column":31}}],"line":43},"4":{"loc":{"start":{"line":56,"column":2},"end":{"line":59,"column":51}},"type":"if","locations":[{"start":{"line":56,"column":2},"end":{"line":59,"column":51}},{"start":{"line":56,"column":2},"end":{"line":59,"column":51}}],"line":56},"5":{"loc":{"start":{"line":66,"column":28},"end":{"line":66,"column":61}},"type":"cond-expr","locations":[{"start":{"line":66,"column":51},"end":{"line":66,"column":56}},{"start":{"line":66,"column":59},"end":{"line":66,"column":61}}],"line":66},"6":{"loc":{"start":{"line":71,"column":2},"end":{"line":74,"column":80}},"type":"if","locations":[{"start":{"line":71,"column":2},"end":{"line":74,"column":80}},{"start":{"line":71,"column":2},"end":{"line":74,"column":80}}],"line":71},"7":{"loc":{"start":{"line":80,"column":4},"end":{"line":80,"column":100}},"type":"if","locations":[{"start":{"line":80,"column":4},"end":{"line":80,"column":100}},{"start":{"line":80,"column":4},"end":{"line":80,"column":100}}],"line":80},"8":{"loc":{"start":{"line":82,"column":32},"end":{"line":82,"column":64}},"type":"cond-expr","locations":[{"start":{"line":82,"column":44},"end":{"line":82,"column":59}},{"start":{"line":82,"column":62},"end":{"line":82,"column":64}}],"line":82},"9":{"loc":{"start":{"line":86,"column":31},"end":{"line":86,"column":76}},"type":"cond-expr","locations":[{"start":{"line":86,"column":41},"end":{"line":86,"column":71}},{"start":{"line":86,"column":74},"end":{"line":86,"column":76}}],"line":86}},"s":{"0":15,"1":15,"2":10,"3":15,"4":15,"5":15,"6":15,"7":15,"8":0,"9":0,"10":0,"11":14,"12":0,"13":0,"14":23,"15":18,"16":23,"17":0,"18":0,"19":0,"20":1,"21":1,"22":0,"23":1,"24":0,"25":18,"26":0,"27":0,"28":0,"29":0,"30":0,"31":0,"32":0,"33":0,"34":0,"35":0,"36":0,"37":0,"38":0,"39":0,"40":0,"41":0,"42":0,"43":0,"44":0,"45":0,"46":0,"47":0,"48":0},"f":{"0":15,"1":0,"2":0,"3":0,"4":0,"5":0,"6":0,"7":0,"8":0,"9":0,"10":14,"11":0,"12":0,"13":0,"14":23,"15":18,"16":0,"17":0,"18":0,"19":1,"20":0,"21":18,"22":0,"23":0,"24":0,"25":0,"26":0,"27":0,"28":0,"29":0,"30":0,"31":0,"32":0,"33":0,"34":0,"35":0,"36":0,"37":0,"38":0,"39":0,"40":0},"b":{"0":[15],"1":[15,0],"2":[10,5],"3":[7,16],"4":[0,1],"5":[18,0],"6":[0,0],"7":[0,0],"8":[0,0],"9":[0,0]},"_coverageSchema":"43e27e138ebf9cfc5966b082cf9a028302ed4184","hash":"b0280428dbf572d9d5e1fd8340d075491352cb80"}
,"/Users/alexander/letsnet/root/bmpjs/ssr/dom/html-document.mjs": {"path":"/Users/alexander/letsnet/root/bmpjs/ssr/dom/html-document.mjs","statementMap":{"0":{"start":{"line":8,"column":2},"end":{"line":8,"column":9}},"1":{"start":{"line":9,"column":2},"end":{"line":9,"column":47}},"2":{"start":{"line":10,"column":2},"end":{"line":10,"column":47}},"3":{"start":{"line":11,"column":2},"end":{"line":11,"column":30}},"4":{"start":{"line":15,"column":2},"end":{"line":15,"column":24}},"5":{"start":{"line":19,"column":2},"end":{"line":20,"column":30}},"6":{"start":{"line":20,"column":3},"end":{"line":20,"column":30}},"7":{"start":{"line":21,"column":2},"end":{"line":21,"column":11}},"8":{"start":{"line":25,"column":2},"end":{"line":25,"column":31}},"9":{"start":{"line":33,"column":2},"end":{"line":33,"column":40}},"10":{"start":{"line":43,"column":24},"end":{"line":43,"column":47}},"11":{"start":{"line":44,"column":2},"end":{"line":50,"column":3}},"12":{"start":{"line":45,"column":20},"end":{"line":45,"column":54}},"13":{"start":{"line":46,"column":3},"end":{"line":46,"column":25}},"14":{"start":{"line":47,"column":3},"end":{"line":47,"column":18}},"15":{"start":{"line":49,"column":3},"end":{"line":49,"column":30}},"16":{"start":{"line":54,"column":2},"end":{"line":56,"column":3}}},"fnMap":{"0":{"name":"(anonymous_0)","decl":{"start":{"line":7,"column":1},"end":{"line":7,"column":2}},"loc":{"start":{"line":7,"column":22},"end":{"line":12,"column":2}},"line":7},"1":{"name":"(anonymous_1)","decl":{"start":{"line":14,"column":1},"end":{"line":14,"column":2}},"loc":{"start":{"line":14,"column":25},"end":{"line":16,"column":2}},"line":14},"2":{"name":"(anonymous_2)","decl":{"start":{"line":18,"column":1},"end":{"line":18,"column":2}},"loc":{"start":{"line":18,"column":31},"end":{"line":22,"column":2}},"line":18},"3":{"name":"(anonymous_3)","decl":{"start":{"line":24,"column":1},"end":{"line":24,"column":2}},"loc":{"start":{"line":24,"column":18},"end":{"line":26,"column":2}},"line":24},"4":{"name":"(anonymous_4)","decl":{"start":{"line":32,"column":1},"end":{"line":32,"column":2}},"loc":{"start":{"line":32,"column":20},"end":{"line":34,"column":2}},"line":32},"5":{"name":"(anonymous_5)","decl":{"start":{"line":42,"column":1},"end":{"line":42,"column":2}},"loc":{"start":{"line":42,"column":27},"end":{"line":51,"column":2}},"line":42},"6":{"name":"(anonymous_6)","decl":{"start":{"line":53,"column":1},"end":{"line":53,"column":2}},"loc":{"start":{"line":53,"column":22},"end":{"line":57,"column":2}},"line":53},"7":{"name":"(anonymous_7)","decl":{"start":{"line":55,"column":23},"end":{"line":55,"column":24}},"loc":{"start":{"line":55,"column":29},"end":{"line":55,"column":31}},"line":55}},"branchMap":{"0":{"loc":{"start":{"line":11,"column":17},"end":{"line":11,"column":30}},"type":"binary-expr","locations":[{"start":{"line":11,"column":17},"end":{"line":11,"column":24}},{"start":{"line":11,"column":28},"end":{"line":11,"column":30}}],"line":11},"1":{"loc":{"start":{"line":19,"column":2},"end":{"line":20,"column":30}},"type":"if","locations":[{"start":{"line":19,"column":2},"end":{"line":20,"column":30}},{"start":{"line":19,"column":2},"end":{"line":20,"column":30}}],"line":19},"2":{"loc":{"start":{"line":44,"column":2},"end":{"line":50,"column":3}},"type":"if","locations":[{"start":{"line":44,"column":2},"end":{"line":50,"column":3}},{"start":{"line":44,"column":2},"end":{"line":50,"column":3}}],"line":44}},"s":{"0":0,"1":0,"2":0,"3":0,"4":0,"5":0,"6":0,"7":0,"8":0,"9":0,"10":8,"11":8,"12":0,"13":0,"14":0,"15":8,"16":0},"f":{"0":0,"1":0,"2":0,"3":0,"4":0,"5":8,"6":0,"7":0},"b":{"0":[0,0],"1":[0,0],"2":[0,8]},"_coverageSchema":"43e27e138ebf9cfc5966b082cf9a028302ed4184","hash":"9d7601e972fbd86afb7df865032475f95d8149ca"}
,"/Users/alexander/letsnet/root/bmpjs/ssr/dom/html-element.mjs": {"path":"/Users/alexander/letsnet/root/bmpjs/ssr/dom/html-element.mjs","statementMap":{"0":{"start":{"line":8,"column":2},"end":{"line":8,"column":36}},"1":{"start":{"line":20,"column":13},"end":{"line":20,"column":42}},"2":{"start":{"line":22,"column":19},"end":{"line":22,"column":48}},"3":{"start":{"line":24,"column":2},"end":{"line":24,"column":11}},"4":{"start":{"line":28,"column":2},"end":{"line":28,"column":32}},"5":{"start":{"line":32,"column":2},"end":{"line":32,"column":29}},"6":{"start":{"line":36,"column":2},"end":{"line":38,"column":3}},"7":{"start":{"line":37,"column":3},"end":{"line":37,"column":42}},"8":{"start":{"line":42,"column":2},"end":{"line":43,"column":21}},"9":{"start":{"line":43,"column":3},"end":{"line":43,"column":21}},"10":{"start":{"line":44,"column":2},"end":{"line":44,"column":28}},"11":{"start":{"line":45,"column":2},"end":{"line":45,"column":42}},"12":{"start":{"line":50,"column":24},"end":{"line":50,"column":47}},"13":{"start":{"line":51,"column":11},"end":{"line":51,"column":15}},"14":{"start":{"line":52,"column":2},"end":{"line":56,"column":3}},"15":{"start":{"line":53,"column":3},"end":{"line":53,"column":42}},"16":{"start":{"line":55,"column":3},"end":{"line":55,"column":28}},"17":{"start":{"line":57,"column":2},"end":{"line":57,"column":18}},"18":{"start":{"line":58,"column":2},"end":{"line":58,"column":24}},"19":{"start":{"line":59,"column":2},"end":{"line":60,"column":70}},"20":{"start":{"line":60,"column":3},"end":{"line":60,"column":70}},"21":{"start":{"line":60,"column":42},"end":{"line":60,"column":68}},"22":{"start":{"line":61,"column":2},"end":{"line":61,"column":11}},"23":{"start":{"line":67,"column":19},"end":{"line":67,"column":65}},"24":{"start":{"line":68,"column":2},"end":{"line":68,"column":44}},"25":{"start":{"line":69,"column":2},"end":{"line":69,"column":44}},"26":{"start":{"line":73,"column":2},"end":{"line":75,"column":13}},"27":{"start":{"line":74,"column":3},"end":{"line":74,"column":71}},"28":{"start":{"line":78,"column":16},"end":{"line":78,"column":28}},"29":{"start":{"line":79,"column":15},"end":{"line":79,"column":24}},"30":{"start":{"line":80,"column":18},"end":{"line":80,"column":26}},"31":{"start":{"line":81,"column":15},"end":{"line":81,"column":24}},"32":{"start":{"line":82,"column":18},"end":{"line":82,"column":34}},"33":{"start":{"line":85,"column":20},"end":{"line":85,"column":42}},"34":{"start":{"line":86,"column":17},"end":{"line":86,"column":26}},"35":{"start":{"line":89,"column":21},"end":{"line":89,"column":29}},"36":{"start":{"line":90,"column":19},"end":{"line":90,"column":27}},"37":{"start":{"line":91,"column":22},"end":{"line":91,"column":30}},"38":{"start":{"line":92,"column":20},"end":{"line":92,"column":28}},"39":{"start":{"line":93,"column":22},"end":{"line":93,"column":30}},"40":{"start":{"line":96,"column":15},"end":{"line":96,"column":23}},"41":{"start":{"line":98,"column":18},"end":{"line":98,"column":30}},"42":{"start":{"line":101,"column":19},"end":{"line":101,"column":28}},"43":{"start":{"line":102,"column":27},"end":{"line":102,"column":38}},"44":{"start":{"line":103,"column":25},"end":{"line":103,"column":36}}},"fnMap":{"0":{"name":"(anonymous_0)","decl":{"start":{"line":7,"column":1},"end":{"line":7,"column":2}},"loc":{"start":{"line":7,"column":42},"end":{"line":9,"column":2}},"line":7},"1":{"name":"(anonymous_1)","decl":{"start":{"line":12,"column":1},"end":{"line":12,"column":2}},"loc":{"start":{"line":12,"column":20},"end":{"line":12,"column":22}},"line":12},"2":{"name":"(anonymous_2)","decl":{"start":{"line":13,"column":1},"end":{"line":13,"column":2}},"loc":{"start":{"line":13,"column":23},"end":{"line":13,"column":25}},"line":13},"3":{"name":"(anonymous_3)","decl":{"start":{"line":16,"column":1},"end":{"line":16,"column":2}},"loc":{"start":{"line":16,"column":9},"end":{"line":16,"column":11}},"line":16},"4":{"name":"(anonymous_4)","decl":{"start":{"line":17,"column":1},"end":{"line":17,"column":2}},"loc":{"start":{"line":17,"column":8},"end":{"line":17,"column":10}},"line":17},"5":{"name":"(anonymous_5)","decl":{"start":{"line":18,"column":1},"end":{"line":18,"column":2}},"loc":{"start":{"line":18,"column":9},"end":{"line":18,"column":11}},"line":18},"6":{"name":"(anonymous_6)","decl":{"start":{"line":20,"column":1},"end":{"line":20,"column":2}},"loc":{"start":{"line":20,"column":11},"end":{"line":20,"column":44}},"line":20},"7":{"name":"(anonymous_7)","decl":{"start":{"line":22,"column":1},"end":{"line":22,"column":2}},"loc":{"start":{"line":22,"column":17},"end":{"line":22,"column":50}},"line":22},"8":{"name":"(anonymous_8)","decl":{"start":{"line":23,"column":1},"end":{"line":23,"column":2}},"loc":{"start":{"line":23,"column":20},"end":{"line":25,"column":2}},"line":23},"9":{"name":"(anonymous_9)","decl":{"start":{"line":27,"column":1},"end":{"line":27,"column":2}},"loc":{"start":{"line":27,"column":15},"end":{"line":29,"column":2}},"line":27},"10":{"name":"(anonymous_10)","decl":{"start":{"line":31,"column":1},"end":{"line":31,"column":2}},"loc":{"start":{"line":31,"column":25},"end":{"line":33,"column":2}},"line":31},"11":{"name":"(anonymous_11)","decl":{"start":{"line":35,"column":1},"end":{"line":35,"column":2}},"loc":{"start":{"line":35,"column":28},"end":{"line":39,"column":2}},"line":35},"12":{"name":"(anonymous_12)","decl":{"start":{"line":41,"column":1},"end":{"line":41,"column":2}},"loc":{"start":{"line":41,"column":19},"end":{"line":46,"column":2}},"line":41},"13":{"name":"(anonymous_13)","decl":{"start":{"line":48,"column":1},"end":{"line":48,"column":2}},"loc":{"start":{"line":48,"column":43},"end":{"line":62,"column":2}},"line":48},"14":{"name":"(anonymous_14)","decl":{"start":{"line":60,"column":33},"end":{"line":60,"column":34}},"loc":{"start":{"line":60,"column":42},"end":{"line":60,"column":68}},"line":60},"15":{"name":"(anonymous_15)","decl":{"start":{"line":64,"column":1},"end":{"line":64,"column":2}},"loc":{"start":{"line":64,"column":24},"end":{"line":70,"column":2}},"line":64},"16":{"name":"(anonymous_16)","decl":{"start":{"line":72,"column":1},"end":{"line":72,"column":2}},"loc":{"start":{"line":72,"column":17},"end":{"line":76,"column":2}},"line":72},"17":{"name":"(anonymous_17)","decl":{"start":{"line":73,"column":30},"end":{"line":73,"column":31}},"loc":{"start":{"line":73,"column":39},"end":{"line":75,"column":3}},"line":73},"18":{"name":"(anonymous_18)","decl":{"start":{"line":78,"column":1},"end":{"line":78,"column":2}},"loc":{"start":{"line":78,"column":14},"end":{"line":78,"column":30}},"line":78},"19":{"name":"(anonymous_19)","decl":{"start":{"line":79,"column":1},"end":{"line":79,"column":2}},"loc":{"start":{"line":79,"column":13},"end":{"line":79,"column":26}},"line":79},"20":{"name":"(anonymous_20)","decl":{"start":{"line":80,"column":1},"end":{"line":80,"column":2}},"loc":{"start":{"line":80,"column":16},"end":{"line":80,"column":28}},"line":80},"21":{"name":"(anonymous_21)","decl":{"start":{"line":81,"column":1},"end":{"line":81,"column":2}},"loc":{"start":{"line":81,"column":13},"end":{"line":81,"column":26}},"line":81},"22":{"name":"(anonymous_22)","decl":{"start":{"line":82,"column":1},"end":{"line":82,"column":2}},"loc":{"start":{"line":82,"column":16},"end":{"line":82,"column":36}},"line":82},"23":{"name":"(anonymous_23)","decl":{"start":{"line":85,"column":1},"end":{"line":85,"column":2}},"loc":{"start":{"line":85,"column":18},"end":{"line":85,"column":44}},"line":85},"24":{"name":"(anonymous_24)","decl":{"start":{"line":86,"column":1},"end":{"line":86,"column":2}},"loc":{"start":{"line":86,"column":15},"end":{"line":86,"column":28}},"line":86},"25":{"name":"(anonymous_25)","decl":{"start":{"line":89,"column":1},"end":{"line":89,"column":2}},"loc":{"start":{"line":89,"column":19},"end":{"line":89,"column":31}},"line":89},"26":{"name":"(anonymous_26)","decl":{"start":{"line":90,"column":1},"end":{"line":90,"column":2}},"loc":{"start":{"line":90,"column":17},"end":{"line":90,"column":29}},"line":90},"27":{"name":"(anonymous_27)","decl":{"start":{"line":91,"column":1},"end":{"line":91,"column":2}},"loc":{"start":{"line":91,"column":20},"end":{"line":91,"column":32}},"line":91},"28":{"name":"(anonymous_28)","decl":{"start":{"line":92,"column":1},"end":{"line":92,"column":2}},"loc":{"start":{"line":92,"column":18},"end":{"line":92,"column":30}},"line":92},"29":{"name":"(anonymous_29)","decl":{"start":{"line":93,"column":1},"end":{"line":93,"column":2}},"loc":{"start":{"line":93,"column":20},"end":{"line":93,"column":32}},"line":93},"30":{"name":"(anonymous_30)","decl":{"start":{"line":96,"column":1},"end":{"line":96,"column":2}},"loc":{"start":{"line":96,"column":13},"end":{"line":96,"column":25}},"line":96},"31":{"name":"(anonymous_31)","decl":{"start":{"line":98,"column":1},"end":{"line":98,"column":2}},"loc":{"start":{"line":98,"column":16},"end":{"line":98,"column":32}},"line":98},"32":{"name":"(anonymous_32)","decl":{"start":{"line":101,"column":1},"end":{"line":101,"column":2}},"loc":{"start":{"line":101,"column":17},"end":{"line":101,"column":30}},"line":101},"33":{"name":"(anonymous_33)","decl":{"start":{"line":102,"column":1},"end":{"line":102,"column":2}},"loc":{"start":{"line":102,"column":25},"end":{"line":102,"column":40}},"line":102},"34":{"name":"(anonymous_34)","decl":{"start":{"line":103,"column":1},"end":{"line":103,"column":2}},"loc":{"start":{"line":103,"column":23},"end":{"line":103,"column":38}},"line":103}},"branchMap":{"0":{"loc":{"start":{"line":36,"column":2},"end":{"line":38,"column":3}},"type":"if","locations":[{"start":{"line":36,"column":2},"end":{"line":38,"column":3}},{"start":{"line":36,"column":2},"end":{"line":38,"column":3}}],"line":36},"1":{"loc":{"start":{"line":42,"column":2},"end":{"line":43,"column":21}},"type":"if","locations":[{"start":{"line":42,"column":2},"end":{"line":43,"column":21}},{"start":{"line":42,"column":2},"end":{"line":43,"column":21}}],"line":42},"2":{"loc":{"start":{"line":52,"column":2},"end":{"line":56,"column":3}},"type":"if","locations":[{"start":{"line":52,"column":2},"end":{"line":56,"column":3}},{"start":{"line":52,"column":2},"end":{"line":56,"column":3}}],"line":52},"3":{"loc":{"start":{"line":59,"column":2},"end":{"line":60,"column":70}},"type":"if","locations":[{"start":{"line":59,"column":2},"end":{"line":60,"column":70}},{"start":{"line":59,"column":2},"end":{"line":60,"column":70}}],"line":59},"4":{"loc":{"start":{"line":59,"column":6},"end":{"line":59,"column":33}},"type":"binary-expr","locations":[{"start":{"line":59,"column":6},"end":{"line":59,"column":14}},{"start":{"line":59,"column":18},"end":{"line":59,"column":33}}],"line":59},"5":{"loc":{"start":{"line":67,"column":19},"end":{"line":67,"column":65}},"type":"cond-expr","locations":[{"start":{"line":67,"column":44},"end":{"line":67,"column":51}},{"start":{"line":67,"column":54},"end":{"line":67,"column":65}}],"line":67},"6":{"loc":{"start":{"line":74,"column":10},"end":{"line":74,"column":71}},"type":"cond-expr","locations":[{"start":{"line":74,"column":37},"end":{"line":74,"column":52}},{"start":{"line":74,"column":55},"end":{"line":74,"column":71}}],"line":74}},"s":{"0":15,"1":0,"2":0,"3":0,"4":0,"5":0,"6":15,"7":0,"8":0,"9":0,"10":0,"11":0,"12":0,"13":0,"14":0,"15":0,"16":0,"17":0,"18":0,"19":0,"20":0,"21":0,"22":0,"23":15,"24":15,"25":15,"26":3,"27":3,"28":0,"29":0,"30":0,"31":0,"32":0,"33":0,"34":0,"35":0,"36":0,"37":0,"38":0,"39":0,"40":0,"41":0,"42":0,"43":0,"44":0},"f":{"0":15,"1":0,"2":0,"3":0,"4":0,"5":0,"6":0,"7":0,"8":0,"9":0,"10":0,"11":15,"12":0,"13":0,"14":0,"15":15,"16":3,"17":3,"18":0,"19":0,"20":0,"21":0,"22":0,"23":0,"24":0,"25":0,"26":0,"27":0,"28":0,"29":0,"30":0,"31":0,"32":0,"33":0,"34":0},"b":{"0":[0,15],"1":[0,0],"2":[0,0],"3":[0,0],"4":[0,0],"5":[14,1],"6":[0,3]},"_coverageSchema":"43e27e138ebf9cfc5966b082cf9a028302ed4184","hash":"62cc6ba2981141d47d9a7aac16f538334b4c9c92"}
,"/Users/alexander/letsnet/root/bmpjs/ssr/drivers/html/virtual-dom.mjs": {"path":"/Users/alexander/letsnet/root/bmpjs/ssr/drivers/html/virtual-dom.mjs","statementMap":{"0":{"start":{"line":18,"column":4},"end":{"line":27,"column":3}},"1":{"start":{"line":22,"column":4},"end":{"line":25,"column":31}},"2":{"start":{"line":23,"column":5},"end":{"line":23,"column":34}},"3":{"start":{"line":25,"column":5},"end":{"line":25,"column":31}},"4":{"start":{"line":26,"column":27},"end":{"line":26,"column":41}},"5":{"start":{"line":36,"column":21},"end":{"line":36,"column":79}},"6":{"start":{"line":36,"column":50},"end":{"line":36,"column":77}},"7":{"start":{"line":37,"column":2},"end":{"line":37,"column":38}},"8":{"start":{"line":47,"column":48},"end":{"line":47,"column":56}},"9":{"start":{"line":48,"column":16},"end":{"line":48,"column":51}},"10":{"start":{"line":49,"column":2},"end":{"line":53,"column":3}},"11":{"start":{"line":50,"column":3},"end":{"line":50,"column":91}},"12":{"start":{"line":50,"column":56},"end":{"line":50,"column":88}},"13":{"start":{"line":51,"column":15},"end":{"line":51,"column":42}},"14":{"start":{"line":52,"column":3},"end":{"line":52,"column":46}},"15":{"start":{"line":52,"column":34},"end":{"line":52,"column":46}},"16":{"start":{"line":54,"column":2},"end":{"line":54,"column":38}},"17":{"start":{"line":55,"column":2},"end":{"line":55,"column":16}},"18":{"start":{"line":64,"column":2},"end":{"line":66,"column":3}},"19":{"start":{"line":65,"column":3},"end":{"line":65,"column":28}},"20":{"start":{"line":68,"column":2},"end":{"line":72,"column":3}},"21":{"start":{"line":69,"column":3},"end":{"line":69,"column":29}},"22":{"start":{"line":71,"column":3},"end":{"line":71,"column":17}},"23":{"start":{"line":75,"column":2},"end":{"line":76,"column":12}},"24":{"start":{"line":76,"column":3},"end":{"line":76,"column":12}},"25":{"start":{"line":78,"column":2},"end":{"line":79,"column":41}},"26":{"start":{"line":79,"column":3},"end":{"line":79,"column":41}},"27":{"start":{"line":81,"column":2},"end":{"line":81,"column":45}},"28":{"start":{"line":91,"column":18},"end":{"line":91,"column":27}},"29":{"start":{"line":92,"column":2},"end":{"line":93,"column":53}},"30":{"start":{"line":93,"column":3},"end":{"line":93,"column":53}},"31":{"start":{"line":95,"column":2},"end":{"line":106,"column":3}},"32":{"start":{"line":97,"column":3},"end":{"line":98,"column":27}},"33":{"start":{"line":98,"column":4},"end":{"line":98,"column":27}},"34":{"start":{"line":99,"column":3},"end":{"line":100,"column":32}},"35":{"start":{"line":100,"column":4},"end":{"line":100,"column":32}},"36":{"start":{"line":102,"column":3},"end":{"line":102,"column":45}},"37":{"start":{"line":103,"column":9},"end":{"line":106,"column":3}},"38":{"start":{"line":105,"column":3},"end":{"line":105,"column":38}},"39":{"start":{"line":108,"column":2},"end":{"line":109,"column":44}},"40":{"start":{"line":109,"column":3},"end":{"line":109,"column":44}},"41":{"start":{"line":111,"column":2},"end":{"line":111,"column":56}}},"fnMap":{"0":{"name":"(anonymous_0)","decl":{"start":{"line":17,"column":1},"end":{"line":17,"column":2}},"loc":{"start":{"line":17,"column":50},"end":{"line":28,"column":2}},"line":17},"1":{"name":"(anonymous_1)","decl":{"start":{"line":21,"column":29},"end":{"line":21,"column":30}},"loc":{"start":{"line":21,"column":49},"end":{"line":26,"column":4}},"line":21},"2":{"name":"(anonymous_2)","decl":{"start":{"line":26,"column":18},"end":{"line":26,"column":19}},"loc":{"start":{"line":26,"column":27},"end":{"line":26,"column":41}},"line":26},"3":{"name":"(anonymous_3)","decl":{"start":{"line":35,"column":1},"end":{"line":35,"column":2}},"loc":{"start":{"line":35,"column":30},"end":{"line":38,"column":2}},"line":35},"4":{"name":"(anonymous_4)","decl":{"start":{"line":36,"column":36},"end":{"line":36,"column":37}},"loc":{"start":{"line":36,"column":50},"end":{"line":36,"column":77}},"line":36},"5":{"name":"(anonymous_5)","decl":{"start":{"line":45,"column":1},"end":{"line":45,"column":2}},"loc":{"start":{"line":45,"column":34},"end":{"line":56,"column":2}},"line":45},"6":{"name":"(anonymous_6)","decl":{"start":{"line":50,"column":48},"end":{"line":50,"column":49}},"loc":{"start":{"line":50,"column":56},"end":{"line":50,"column":88}},"line":50},"7":{"name":"(anonymous_7)","decl":{"start":{"line":63,"column":1},"end":{"line":63,"column":2}},"loc":{"start":{"line":63,"column":29},"end":{"line":82,"column":2}},"line":63},"8":{"name":"(anonymous_8)","decl":{"start":{"line":90,"column":1},"end":{"line":90,"column":2}},"loc":{"start":{"line":90,"column":41},"end":{"line":112,"column":2}},"line":90}},"branchMap":{"0":{"loc":{"start":{"line":20,"column":10},"end":{"line":20,"column":21}},"type":"binary-expr","locations":[{"start":{"line":20,"column":10},"end":{"line":20,"column":15}},{"start":{"line":20,"column":19},"end":{"line":20,"column":21}}],"line":20},"1":{"loc":{"start":{"line":22,"column":4},"end":{"line":25,"column":31}},"type":"if","locations":[{"start":{"line":22,"column":4},"end":{"line":25,"column":31}},{"start":{"line":22,"column":4},"end":{"line":25,"column":31}}],"line":22},"2":{"loc":{"start":{"line":47,"column":30},"end":{"line":47,"column":43}},"type":"default-arg","locations":[{"start":{"line":47,"column":41},"end":{"line":47,"column":43}}],"line":47},"3":{"loc":{"start":{"line":49,"column":2},"end":{"line":53,"column":3}},"type":"if","locations":[{"start":{"line":49,"column":2},"end":{"line":53,"column":3}},{"start":{"line":49,"column":2},"end":{"line":53,"column":3}}],"line":49},"4":{"loc":{"start":{"line":52,"column":3},"end":{"line":52,"column":46}},"type":"if","locations":[{"start":{"line":52,"column":3},"end":{"line":52,"column":46}},{"start":{"line":52,"column":3},"end":{"line":52,"column":46}}],"line":52},"5":{"loc":{"start":{"line":64,"column":2},"end":{"line":66,"column":3}},"type":"if","locations":[{"start":{"line":64,"column":2},"end":{"line":66,"column":3}},{"start":{"line":64,"column":2},"end":{"line":66,"column":3}}],"line":64},"6":{"loc":{"start":{"line":68,"column":2},"end":{"line":72,"column":3}},"type":"if","locations":[{"start":{"line":68,"column":2},"end":{"line":72,"column":3}},{"start":{"line":68,"column":2},"end":{"line":72,"column":3}}],"line":68},"7":{"loc":{"start":{"line":75,"column":2},"end":{"line":76,"column":12}},"type":"if","locations":[{"start":{"line":75,"column":2},"end":{"line":76,"column":12}},{"start":{"line":75,"column":2},"end":{"line":76,"column":12}}],"line":75},"8":{"loc":{"start":{"line":78,"column":2},"end":{"line":79,"column":41}},"type":"if","locations":[{"start":{"line":78,"column":2},"end":{"line":79,"column":41}},{"start":{"line":78,"column":2},"end":{"line":79,"column":41}}],"line":78},"9":{"loc":{"start":{"line":90,"column":25},"end":{"line":90,"column":39}},"type":"default-arg","locations":[{"start":{"line":90,"column":37},"end":{"line":90,"column":39}}],"line":90},"10":{"loc":{"start":{"line":92,"column":2},"end":{"line":93,"column":53}},"type":"if","locations":[{"start":{"line":92,"column":2},"end":{"line":93,"column":53}},{"start":{"line":92,"column":2},"end":{"line":93,"column":53}}],"line":92},"11":{"loc":{"start":{"line":95,"column":2},"end":{"line":106,"column":3}},"type":"if","locations":[{"start":{"line":95,"column":2},"end":{"line":106,"column":3}},{"start":{"line":95,"column":2},"end":{"line":106,"column":3}}],"line":95},"12":{"loc":{"start":{"line":97,"column":3},"end":{"line":98,"column":27}},"type":"if","locations":[{"start":{"line":97,"column":3},"end":{"line":98,"column":27}},{"start":{"line":97,"column":3},"end":{"line":98,"column":27}}],"line":97},"13":{"loc":{"start":{"line":99,"column":3},"end":{"line":100,"column":32}},"type":"if","locations":[{"start":{"line":99,"column":3},"end":{"line":100,"column":32}},{"start":{"line":99,"column":3},"end":{"line":100,"column":32}}],"line":99},"14":{"loc":{"start":{"line":103,"column":9},"end":{"line":106,"column":3}},"type":"if","locations":[{"start":{"line":103,"column":9},"end":{"line":106,"column":3}},{"start":{"line":103,"column":9},"end":{"line":106,"column":3}}],"line":103},"15":{"loc":{"start":{"line":108,"column":2},"end":{"line":109,"column":44}},"type":"if","locations":[{"start":{"line":108,"column":2},"end":{"line":109,"column":44}},{"start":{"line":108,"column":2},"end":{"line":109,"column":44}}],"line":108}},"s":{"0":3,"1":4,"2":1,"3":3,"4":6,"5":16,"6":9,"7":16,"8":8,"9":8,"10":8,"11":3,"12":5,"13":3,"14":3,"15":1,"16":8,"17":8,"18":36,"19":6,"20":30,"21":6,"22":6,"23":24,"24":2,"25":22,"26":16,"27":6,"28":14,"29":14,"30":1,"31":14,"32":1,"33":1,"34":1,"35":1,"36":1,"37":13,"38":1,"39":14,"40":1,"41":14},"f":{"0":3,"1":4,"2":6,"3":16,"4":9,"5":8,"6":5,"7":36,"8":14},"b":{"0":[3,1],"1":[1,3],"2":[6],"3":[3,5],"4":[1,2],"5":[6,30],"6":[6,24],"7":[2,22],"8":[16,6],"9":[6],"10":[1,13],"11":[1,13],"12":[1,0],"13":[1,0],"14":[1,12],"15":[1,13]},"_coverageSchema":"43e27e138ebf9cfc5966b082cf9a028302ed4184","hash":"064e05589e7f318c628fd262f321a274ab73d662"}
,"/Users/alexander/letsnet/root/bmpjs/ssr/utils/html.mjs": {"path":"/Users/alexander/letsnet/root/bmpjs/ssr/utils/html.mjs","statementMap":{"0":{"start":{"line":5,"column":19},"end":{"line":14,"column":1}},"1":{"start":{"line":6,"column":1},"end":{"line":6,"column":52}},"2":{"start":{"line":6,"column":43},"end":{"line":6,"column":52}},"3":{"start":{"line":7,"column":1},"end":{"line":7,"column":56}},"4":{"start":{"line":7,"column":34},"end":{"line":7,"column":56}},"5":{"start":{"line":8,"column":2},"end":{"line":13,"column":28}},"6":{"start":{"line":16,"column":23},"end":{"line":32,"column":1}},"7":{"start":{"line":33,"column":18},"end":{"line":33,"column":30}},"8":{"start":{"line":34,"column":25},"end":{"line":34,"column":66}},"9":{"start":{"line":34,"column":32},"end":{"line":34,"column":66}},"10":{"start":{"line":49,"column":23},"end":{"line":57,"column":1}},"11":{"start":{"line":50,"column":1},"end":{"line":50,"column":66}},"12":{"start":{"line":50,"column":57},"end":{"line":50,"column":66}},"13":{"start":{"line":51,"column":1},"end":{"line":56,"column":13}},"14":{"start":{"line":52,"column":20},"end":{"line":52,"column":81}},"15":{"start":{"line":53,"column":33},"end":{"line":53,"column":108}},"16":{"start":{"line":54,"column":33},"end":{"line":54,"column":79}},"17":{"start":{"line":55,"column":30},"end":{"line":55,"column":84}}},"fnMap":{"0":{"name":"(anonymous_0)","decl":{"start":{"line":5,"column":19},"end":{"line":5,"column":20}},"loc":{"start":{"line":5,"column":27},"end":{"line":14,"column":1}},"line":5},"1":{"name":"(anonymous_1)","decl":{"start":{"line":34,"column":25},"end":{"line":34,"column":26}},"loc":{"start":{"line":34,"column":32},"end":{"line":34,"column":66}},"line":34},"2":{"name":"(anonymous_2)","decl":{"start":{"line":49,"column":23},"end":{"line":49,"column":24}},"loc":{"start":{"line":49,"column":32},"end":{"line":57,"column":1}},"line":49},"3":{"name":"(anonymous_3)","decl":{"start":{"line":52,"column":12},"end":{"line":52,"column":13}},"loc":{"start":{"line":52,"column":20},"end":{"line":52,"column":81}},"line":52},"4":{"name":"(anonymous_4)","decl":{"start":{"line":53,"column":12},"end":{"line":53,"column":13}},"loc":{"start":{"line":53,"column":33},"end":{"line":53,"column":108}},"line":53},"5":{"name":"(anonymous_5)","decl":{"start":{"line":54,"column":12},"end":{"line":54,"column":13}},"loc":{"start":{"line":54,"column":33},"end":{"line":54,"column":79}},"line":54},"6":{"name":"(anonymous_6)","decl":{"start":{"line":55,"column":9},"end":{"line":55,"column":10}},"loc":{"start":{"line":55,"column":30},"end":{"line":55,"column":84}},"line":55}},"branchMap":{"0":{"loc":{"start":{"line":6,"column":1},"end":{"line":6,"column":52}},"type":"if","locations":[{"start":{"line":6,"column":1},"end":{"line":6,"column":52}},{"start":{"line":6,"column":1},"end":{"line":6,"column":52}}],"line":6},"1":{"loc":{"start":{"line":6,"column":6},"end":{"line":6,"column":40}},"type":"binary-expr","locations":[{"start":{"line":6,"column":6},"end":{"line":6,"column":31}},{"start":{"line":6,"column":35},"end":{"line":6,"column":40}}],"line":6},"2":{"loc":{"start":{"line":7,"column":1},"end":{"line":7,"column":56}},"type":"if","locations":[{"start":{"line":7,"column":1},"end":{"line":7,"column":56}},{"start":{"line":7,"column":1},"end":{"line":7,"column":56}}],"line":7},"3":{"loc":{"start":{"line":34,"column":32},"end":{"line":34,"column":66}},"type":"cond-expr","locations":[{"start":{"line":34,"column":53},"end":{"line":34,"column":60}},{"start":{"line":34,"column":63},"end":{"line":34,"column":66}}],"line":34},"4":{"loc":{"start":{"line":50,"column":1},"end":{"line":50,"column":66}},"type":"if","locations":[{"start":{"line":50,"column":1},"end":{"line":50,"column":66}},{"start":{"line":50,"column":1},"end":{"line":50,"column":66}}],"line":50},"5":{"loc":{"start":{"line":50,"column":6},"end":{"line":50,"column":54}},"type":"binary-expr","locations":[{"start":{"line":50,"column":6},"end":{"line":50,"column":12}},{"start":{"line":50,"column":16},"end":{"line":50,"column":37}},{"start":{"line":50,"column":41},"end":{"line":50,"column":54}}],"line":50},"6":{"loc":{"start":{"line":53,"column":33},"end":{"line":53,"column":108}},"type":"binary-expr","locations":[{"start":{"line":53,"column":33},"end":{"line":53,"column":58}},{"start":{"line":53,"column":63},"end":{"line":53,"column":88}},{"start":{"line":53,"column":92},"end":{"line":53,"column":107}}],"line":53},"7":{"loc":{"start":{"line":54,"column":35},"end":{"line":54,"column":78}},"type":"binary-expr","locations":[{"start":{"line":54,"column":35},"end":{"line":54,"column":68}},{"start":{"line":54,"column":72},"end":{"line":54,"column":78}}],"line":54}},"s":{"0":4,"1":12,"2":2,"3":10,"4":10,"5":10,"6":4,"7":4,"8":4,"9":10,"10":4,"11":6,"12":5,"13":1,"14":9,"15":6,"16":5,"17":5},"f":{"0":12,"1":10,"2":6,"3":9,"4":6,"5":5,"6":5},"b":{"0":[2,10],"1":[12,9],"2":[10,0],"3":[2,8],"4":[5,1],"5":[6,2,2],"6":[6,6,2],"7":[5,1]},"_coverageSchema":"43e27e138ebf9cfc5966b082cf9a028302ed4184","hash":"59d3b474310bcd701a511052c0fdf88dbcfc8c4d"}
,"/Users/alexander/letsnet/root/bmpjs/ssr/utils/timeline.mjs": {"path":"/Users/alexander/letsnet/root/bmpjs/ssr/utils/timeline.mjs","statementMap":{"0":{"start":{"line":2,"column":13},"end":{"line":2,"column":57}},"1":{"start":{"line":2,"column":19},"end":{"line":2,"column":57}},"2":{"start":{"line":3,"column":20},"end":{"line":3,"column":48}},"3":{"start":{"line":3,"column":26},"end":{"line":3,"column":48}},"4":{"start":{"line":4,"column":14},"end":{"line":4,"column":27}},"5":{"start":{"line":6,"column":25},"end":{"line":6,"column":63}},"6":{"start":{"line":6,"column":40},"end":{"line":6,"column":63}}},"fnMap":{"0":{"name":"(anonymous_0)","decl":{"start":{"line":2,"column":13},"end":{"line":2,"column":14}},"loc":{"start":{"line":2,"column":19},"end":{"line":2,"column":57}},"line":2},"1":{"name":"(anonymous_1)","decl":{"start":{"line":3,"column":20},"end":{"line":3,"column":21}},"loc":{"start":{"line":3,"column":26},"end":{"line":3,"column":48}},"line":3},"2":{"name":"(anonymous_2)","decl":{"start":{"line":6,"column":25},"end":{"line":6,"column":26}},"loc":{"start":{"line":6,"column":40},"end":{"line":6,"column":63}},"line":6}},"branchMap":{"0":{"loc":{"start":{"line":6,"column":26},"end":{"line":6,"column":35}},"type":"default-arg","locations":[{"start":{"line":6,"column":30},"end":{"line":6,"column":35}}],"line":6}},"s":{"0":3,"1":0,"2":3,"3":3,"4":3,"5":3,"6":0},"f":{"0":0,"1":3,"2":0},"b":{"0":[0]},"_coverageSchema":"43e27e138ebf9cfc5966b082cf9a028302ed4184","hash":"8d6db7b4b79897eb2269315e0d7199699ecad350"}
,"/Users/alexander/letsnet/root/bmpjs/ssr/utils/uri.mjs": {"path":"/Users/alexander/letsnet/root/bmpjs/ssr/utils/uri.mjs","statementMap":{"0":{"start":{"line":12,"column":22},"end":{"line":17,"column":1}},"1":{"start":{"line":13,"column":1},"end":{"line":13,"column":45}},"2":{"start":{"line":13,"column":35},"end":{"line":13,"column":45}},"3":{"start":{"line":14,"column":2},"end":{"line":16,"column":29}},"4":{"start":{"line":25,"column":19},"end":{"line":25,"column":60}},"5":{"start":{"line":25,"column":26},"end":{"line":25,"column":60}},"6":{"start":{"line":38,"column":27},"end":{"line":50,"column":1}},"7":{"start":{"line":39,"column":21},"end":{"line":39,"column":23}},"8":{"start":{"line":40,"column":1},"end":{"line":41,"column":37}},"9":{"start":{"line":41,"column":2},"end":{"line":41,"column":37}},"10":{"start":{"line":43,"column":21},"end":{"line":43,"column":37}},"11":{"start":{"line":44,"column":2},"end":{"line":46,"column":3}},"12":{"start":{"line":45,"column":4},"end":{"line":45,"column":68}},"13":{"start":{"line":47,"column":2},"end":{"line":47,"column":51}},"14":{"start":{"line":49,"column":2},"end":{"line":49,"column":30}},"15":{"start":{"line":57,"column":28},"end":{"line":68,"column":1}},"16":{"start":{"line":58,"column":14},"end":{"line":66,"column":12}},"17":{"start":{"line":60,"column":22},"end":{"line":60,"column":35}},"18":{"start":{"line":62,"column":19},"end":{"line":62,"column":48}},"19":{"start":{"line":63,"column":3},"end":{"line":63,"column":29}},"20":{"start":{"line":63,"column":15},"end":{"line":63,"column":29}},"21":{"start":{"line":64,"column":3},"end":{"line":64,"column":21}},"22":{"start":{"line":67,"column":1},"end":{"line":67,"column":28}}},"fnMap":{"0":{"name":"(anonymous_0)","decl":{"start":{"line":12,"column":22},"end":{"line":12,"column":23}},"loc":{"start":{"line":12,"column":30},"end":{"line":17,"column":1}},"line":12},"1":{"name":"(anonymous_1)","decl":{"start":{"line":25,"column":19},"end":{"line":25,"column":20}},"loc":{"start":{"line":25,"column":26},"end":{"line":25,"column":60}},"line":25},"2":{"name":"(anonymous_2)","decl":{"start":{"line":38,"column":27},"end":{"line":38,"column":28}},"loc":{"start":{"line":38,"column":34},"end":{"line":50,"column":1}},"line":38},"3":{"name":"(anonymous_3)","decl":{"start":{"line":57,"column":28},"end":{"line":57,"column":29}},"loc":{"start":{"line":57,"column":49},"end":{"line":68,"column":1}},"line":57},"4":{"name":"(anonymous_4)","decl":{"start":{"line":60,"column":11},"end":{"line":60,"column":12}},"loc":{"start":{"line":60,"column":22},"end":{"line":60,"column":35}},"line":60},"5":{"name":"(anonymous_5)","decl":{"start":{"line":61,"column":8},"end":{"line":61,"column":9}},"loc":{"start":{"line":61,"column":19},"end":{"line":65,"column":3}},"line":61}},"branchMap":{"0":{"loc":{"start":{"line":13,"column":1},"end":{"line":13,"column":45}},"type":"if","locations":[{"start":{"line":13,"column":1},"end":{"line":13,"column":45}},{"start":{"line":13,"column":1},"end":{"line":13,"column":45}}],"line":13},"1":{"loc":{"start":{"line":13,"column":6},"end":{"line":13,"column":32}},"type":"binary-expr","locations":[{"start":{"line":13,"column":6},"end":{"line":13,"column":18}},{"start":{"line":13,"column":22},"end":{"line":13,"column":32}}],"line":13},"2":{"loc":{"start":{"line":40,"column":1},"end":{"line":41,"column":37}},"type":"if","locations":[{"start":{"line":40,"column":1},"end":{"line":41,"column":37}},{"start":{"line":40,"column":1},"end":{"line":41,"column":37}}],"line":40},"3":{"loc":{"start":{"line":44,"column":2},"end":{"line":46,"column":3}},"type":"if","locations":[{"start":{"line":44,"column":2},"end":{"line":46,"column":3}},{"start":{"line":44,"column":2},"end":{"line":46,"column":3}}],"line":44},"4":{"loc":{"start":{"line":63,"column":3},"end":{"line":63,"column":29}},"type":"if","locations":[{"start":{"line":63,"column":3},"end":{"line":63,"column":29}},{"start":{"line":63,"column":3},"end":{"line":63,"column":29}}],"line":63}},"s":{"0":2,"1":21,"2":2,"3":19,"4":2,"5":4,"6":2,"7":17,"8":17,"9":10,"10":7,"11":7,"12":1,"13":7,"14":7,"15":2,"16":7,"17":31,"18":17,"19":17,"20":10,"21":7,"22":7},"f":{"0":21,"1":4,"2":17,"3":7,"4":31,"5":17},"b":{"0":[2,19],"1":[21,20],"2":[10,7],"3":[1,6],"4":[10,7]},"_coverageSchema":"43e27e138ebf9cfc5966b082cf9a028302ed4184","hash":"da3efade358740d9c0c45b33045dc94d8ac28469"}
}
