{"/Users/alexander/letsnet/root/bmpjs/ssr/core/sitemap-generator.mjs": {"path":"/Users/alexander/letsnet/root/bmpjs/ssr/core/sitemap-generator.mjs","statementMap":{"0":{"start":{"line":6,"column":15},"end":{"line":6,"column":56}},"1":{"start":{"line":7,"column":18},"end":{"line":7,"column":112}},"2":{"start":{"line":7,"column":29},"end":{"line":7,"column":112}},"3":{"start":{"line":8,"column":15},"end":{"line":8,"column":54}},"4":{"start":{"line":8,"column":22},"end":{"line":8,"column":54}},"5":{"start":{"line":14,"column":2},"end":{"line":14,"column":22}},"6":{"start":{"line":15,"column":2},"end":{"line":15,"column":22}},"7":{"start":{"line":20,"column":15},"end":{"line":24,"column":4}},"8":{"start":{"line":22,"column":23},"end":{"line":22,"column":57}},"9":{"start":{"line":23,"column":3},"end":{"line":23,"column":29}},"10":{"start":{"line":25,"column":2},"end":{"line":25,"column":44}}},"fnMap":{"0":{"name":"(anonymous_0)","decl":{"start":{"line":7,"column":18},"end":{"line":7,"column":19}},"loc":{"start":{"line":7,"column":29},"end":{"line":7,"column":112}},"line":7},"1":{"name":"(anonymous_1)","decl":{"start":{"line":8,"column":15},"end":{"line":8,"column":16}},"loc":{"start":{"line":8,"column":22},"end":{"line":8,"column":54}},"line":8},"2":{"name":"(anonymous_2)","decl":{"start":{"line":12,"column":1},"end":{"line":12,"column":2}},"loc":{"start":{"line":12,"column":31},"end":{"line":16,"column":2}},"line":12},"3":{"name":"(anonymous_3)","decl":{"start":{"line":18,"column":1},"end":{"line":18,"column":2}},"loc":{"start":{"line":18,"column":9},"end":{"line":27,"column":2}},"line":18},"4":{"name":"(anonymous_4)","decl":{"start":{"line":20,"column":32},"end":{"line":20,"column":33}},"loc":{"start":{"line":20,"column":39},"end":{"line":24,"column":3}},"line":20}},"branchMap":{},"s":{"0":1,"1":1,"2":1,"3":1,"4":2,"5":1,"6":1,"7":1,"8":2,"9":2,"10":1},"f":{"0":1,"1":2,"2":1,"3":1,"4":2},"b":{},"_coverageSchema":"43e27e138ebf9cfc5966b082cf9a028302ed4184","hash":"4294eaed85c639a962b22563294cfa5ebb452d1c"}
,"/Users/alexander/letsnet/root/bmpjs/ssr/dom/custom-elements.mjs": {"path":"/Users/alexander/letsnet/root/bmpjs/ssr/dom/custom-elements.mjs","statementMap":{"0":{"start":{"line":7,"column":2},"end":{"line":7,"column":28}},"1":{"start":{"line":11,"column":2},"end":{"line":11,"column":76}},"2":{"start":{"line":11,"column":48},"end":{"line":11,"column":74}},"3":{"start":{"line":16,"column":2},"end":{"line":16,"column":43}},"4":{"start":{"line":21,"column":2},"end":{"line":22,"column":67}},"5":{"start":{"line":22,"column":3},"end":{"line":22,"column":67}},"6":{"start":{"line":24,"column":2},"end":{"line":27,"column":4}},"7":{"start":{"line":31,"column":23},"end":{"line":31,"column":43}}},"fnMap":{"0":{"name":"(anonymous_0)","decl":{"start":{"line":6,"column":1},"end":{"line":6,"column":2}},"loc":{"start":{"line":6,"column":15},"end":{"line":8,"column":2}},"line":6},"1":{"name":"(anonymous_1)","decl":{"start":{"line":10,"column":1},"end":{"line":10,"column":2}},"loc":{"start":{"line":10,"column":31},"end":{"line":12,"column":2}},"line":10},"2":{"name":"(anonymous_2)","decl":{"start":{"line":11,"column":37},"end":{"line":11,"column":38}},"loc":{"start":{"line":11,"column":48},"end":{"line":11,"column":74}},"line":11},"3":{"name":"(anonymous_3)","decl":{"start":{"line":14,"column":1},"end":{"line":14,"column":2}},"loc":{"start":{"line":14,"column":16},"end":{"line":17,"column":2}},"line":14},"4":{"name":"(anonymous_4)","decl":{"start":{"line":20,"column":2},"end":{"line":20,"column":3}},"loc":{"start":{"line":20,"column":33},"end":{"line":28,"column":3}},"line":20}},"branchMap":{"0":{"loc":{"start":{"line":21,"column":2},"end":{"line":22,"column":67}},"type":"if","locations":[{"start":{"line":21,"column":2},"end":{"line":22,"column":67}},{"start":{"line":21,"column":2},"end":{"line":22,"column":67}}],"line":21}},"s":{"0":5,"1":7,"2":1,"3":6,"4":1,"5":0,"6":1,"7":4},"f":{"0":5,"1":7,"2":1,"3":6,"4":1},"b":{"0":[0,1]},"_coverageSchema":"43e27e138ebf9cfc5966b082cf9a028302ed4184","hash":"5f03caa8549b05c76d66815583a1a3e7586837c5"}
,"/Users/alexander/letsnet/root/bmpjs/ssr/dom/element.mjs": {"path":"/Users/alexander/letsnet/root/bmpjs/ssr/dom/element.mjs","statementMap":{"0":{"start":{"line":8,"column":2},"end":{"line":8,"column":36}},"1":{"start":{"line":9,"column":2},"end":{"line":9,"column":37}},"2":{"start":{"line":9,"column":15},"end":{"line":9,"column":37}},"3":{"start":{"line":10,"column":2},"end":{"line":10,"column":22}},"4":{"start":{"line":11,"column":2},"end":{"line":11,"column":33}},"5":{"start":{"line":13,"column":2},"end":{"line":13,"column":14}},"6":{"start":{"line":14,"column":2},"end":{"line":14,"column":22}},"7":{"start":{"line":19,"column":20},"end":{"line":19,"column":38}},"8":{"start":{"line":21,"column":2},"end":{"line":22,"column":21}},"9":{"start":{"line":22,"column":3},"end":{"line":22,"column":21}},"10":{"start":{"line":23,"column":2},"end":{"line":23,"column":28}},"11":{"start":{"line":31,"column":20},"end":{"line":31,"column":31}},"12":{"start":{"line":34,"column":14},"end":{"line":34,"column":23}},"13":{"start":{"line":38,"column":2},"end":{"line":38,"column":42}},"14":{"start":{"line":41,"column":2},"end":{"line":41,"column":50}},"15":{"start":{"line":41,"column":39},"end":{"line":41,"column":48}},"16":{"start":{"line":46,"column":15},"end":{"line":46,"column":65}},"17":{"start":{"line":46,"column":52},"end":{"line":46,"column":63}},"18":{"start":{"line":47,"column":2},"end":{"line":47,"column":31}},"19":{"start":{"line":51,"column":2},"end":{"line":51,"column":59}},"20":{"start":{"line":51,"column":46},"end":{"line":51,"column":57}},"21":{"start":{"line":55,"column":2},"end":{"line":55,"column":30}},"22":{"start":{"line":59,"column":15},"end":{"line":59,"column":37}},"23":{"start":{"line":60,"column":2},"end":{"line":63,"column":51}},"24":{"start":{"line":61,"column":3},"end":{"line":61,"column":40}},"25":{"start":{"line":63,"column":3},"end":{"line":63,"column":51}},"26":{"start":{"line":67,"column":2},"end":{"line":67,"column":25}},"27":{"start":{"line":70,"column":2},"end":{"line":70,"column":61}},"28":{"start":{"line":74,"column":16},"end":{"line":74,"column":48}},"29":{"start":{"line":75,"column":2},"end":{"line":78,"column":80}},"30":{"start":{"line":76,"column":3},"end":{"line":76,"column":45}},"31":{"start":{"line":78,"column":3},"end":{"line":78,"column":80}},"32":{"start":{"line":82,"column":2},"end":{"line":94,"column":3}},"33":{"start":{"line":84,"column":4},"end":{"line":84,"column":100}},"34":{"start":{"line":84,"column":28},"end":{"line":84,"column":100}},"35":{"start":{"line":85,"column":22},"end":{"line":85,"column":48}},"36":{"start":{"line":86,"column":4},"end":{"line":86,"column":90}},"37":{"start":{"line":89,"column":20},"end":{"line":89,"column":46}},"38":{"start":{"line":90,"column":4},"end":{"line":90,"column":78}},"39":{"start":{"line":93,"column":21},"end":{"line":93,"column":34}},"40":{"start":{"line":98,"column":13},"end":{"line":98,"column":24}},"41":{"start":{"line":101,"column":22},"end":{"line":101,"column":30}},"42":{"start":{"line":102,"column":20},"end":{"line":102,"column":28}},"43":{"start":{"line":103,"column":19},"end":{"line":103,"column":27}},"44":{"start":{"line":104,"column":21},"end":{"line":104,"column":29}},"45":{"start":{"line":106,"column":22},"end":{"line":106,"column":30}},"46":{"start":{"line":107,"column":20},"end":{"line":107,"column":28}},"47":{"start":{"line":108,"column":23},"end":{"line":108,"column":31}},"48":{"start":{"line":109,"column":19},"end":{"line":109,"column":27}},"49":{"start":{"line":110,"column":22},"end":{"line":110,"column":30}},"50":{"start":{"line":111,"column":21},"end":{"line":111,"column":29}}},"fnMap":{"0":{"name":"(anonymous_0)","decl":{"start":{"line":7,"column":1},"end":{"line":7,"column":2}},"loc":{"start":{"line":7,"column":47},"end":{"line":15,"column":2}},"line":7},"1":{"name":"(anonymous_1)","decl":{"start":{"line":18,"column":1},"end":{"line":18,"column":2}},"loc":{"start":{"line":18,"column":11},"end":{"line":18,"column":13}},"line":18},"2":{"name":"(anonymous_2)","decl":{"start":{"line":19,"column":1},"end":{"line":19,"column":2}},"loc":{"start":{"line":19,"column":18},"end":{"line":19,"column":40}},"line":19},"3":{"name":"(anonymous_3)","decl":{"start":{"line":20,"column":1},"end":{"line":20,"column":2}},"loc":{"start":{"line":20,"column":19},"end":{"line":24,"column":2}},"line":20},"4":{"name":"(anonymous_4)","decl":{"start":{"line":26,"column":1},"end":{"line":26,"column":2}},"loc":{"start":{"line":26,"column":16},"end":{"line":26,"column":18}},"line":26},"5":{"name":"(anonymous_5)","decl":{"start":{"line":27,"column":1},"end":{"line":27,"column":2}},"loc":{"start":{"line":27,"column":25},"end":{"line":27,"column":27}},"line":27},"6":{"name":"(anonymous_6)","decl":{"start":{"line":28,"column":1},"end":{"line":28,"column":2}},"loc":{"start":{"line":28,"column":22},"end":{"line":28,"column":24}},"line":28},"7":{"name":"(anonymous_7)","decl":{"start":{"line":31,"column":1},"end":{"line":31,"column":2}},"loc":{"start":{"line":31,"column":18},"end":{"line":31,"column":33}},"line":31},"8":{"name":"(anonymous_8)","decl":{"start":{"line":32,"column":1},"end":{"line":32,"column":2}},"loc":{"start":{"line":32,"column":20},"end":{"line":32,"column":22}},"line":32},"9":{"name":"(anonymous_9)","decl":{"start":{"line":33,"column":1},"end":{"line":33,"column":2}},"loc":{"start":{"line":33,"column":24},"end":{"line":33,"column":26}},"line":33},"10":{"name":"(anonymous_10)","decl":{"start":{"line":34,"column":1},"end":{"line":34,"column":2}},"loc":{"start":{"line":34,"column":12},"end":{"line":34,"column":25}},"line":34},"11":{"name":"(anonymous_11)","decl":{"start":{"line":37,"column":1},"end":{"line":37,"column":2}},"loc":{"start":{"line":37,"column":19},"end":{"line":39,"column":2}},"line":37},"12":{"name":"(anonymous_12)","decl":{"start":{"line":40,"column":1},"end":{"line":40,"column":2}},"loc":{"start":{"line":40,"column":21},"end":{"line":42,"column":2}},"line":40},"13":{"name":"(anonymous_13)","decl":{"start":{"line":41,"column":31},"end":{"line":41,"column":32}},"loc":{"start":{"line":41,"column":39},"end":{"line":41,"column":48}},"line":41},"14":{"name":"(anonymous_14)","decl":{"start":{"line":43,"column":1},"end":{"line":43,"column":2}},"loc":{"start":{"line":43,"column":18},"end":{"line":43,"column":20}},"line":43},"15":{"name":"(anonymous_15)","decl":{"start":{"line":45,"column":1},"end":{"line":45,"column":2}},"loc":{"start":{"line":45,"column":19},"end":{"line":48,"column":2}},"line":45},"16":{"name":"(anonymous_16)","decl":{"start":{"line":46,"column":38},"end":{"line":46,"column":39}},"loc":{"start":{"line":46,"column":52},"end":{"line":46,"column":63}},"line":46},"17":{"name":"(anonymous_17)","decl":{"start":{"line":50,"column":1},"end":{"line":50,"column":2}},"loc":{"start":{"line":50,"column":22},"end":{"line":52,"column":2}},"line":50},"18":{"name":"(anonymous_18)","decl":{"start":{"line":51,"column":32},"end":{"line":51,"column":33}},"loc":{"start":{"line":51,"column":46},"end":{"line":51,"column":57}},"line":51},"19":{"name":"(anonymous_19)","decl":{"start":{"line":54,"column":1},"end":{"line":54,"column":2}},"loc":{"start":{"line":54,"column":22},"end":{"line":56,"column":2}},"line":54},"20":{"name":"(anonymous_20)","decl":{"start":{"line":58,"column":1},"end":{"line":58,"column":2}},"loc":{"start":{"line":58,"column":24},"end":{"line":64,"column":2}},"line":58},"21":{"name":"(anonymous_21)","decl":{"start":{"line":66,"column":1},"end":{"line":66,"column":2}},"loc":{"start":{"line":66,"column":18},"end":{"line":68,"column":2}},"line":66},"22":{"name":"(anonymous_22)","decl":{"start":{"line":69,"column":1},"end":{"line":69,"column":2}},"loc":{"start":{"line":69,"column":23},"end":{"line":71,"column":2}},"line":69},"23":{"name":"(anonymous_23)","decl":{"start":{"line":73,"column":1},"end":{"line":73,"column":2}},"loc":{"start":{"line":73,"column":17},"end":{"line":79,"column":2}},"line":73},"24":{"name":"(anonymous_24)","decl":{"start":{"line":81,"column":1},"end":{"line":81,"column":2}},"loc":{"start":{"line":81,"column":17},"end":{"line":95,"column":2}},"line":81},"25":{"name":"(anonymous_25)","decl":{"start":{"line":83,"column":8},"end":{"line":83,"column":9}},"loc":{"start":{"line":83,"column":27},"end":{"line":87,"column":4}},"line":83},"26":{"name":"(anonymous_26)","decl":{"start":{"line":88,"column":11},"end":{"line":88,"column":12}},"loc":{"start":{"line":88,"column":24},"end":{"line":91,"column":4}},"line":88},"27":{"name":"(anonymous_27)","decl":{"start":{"line":92,"column":11},"end":{"line":92,"column":12}},"loc":{"start":{"line":92,"column":17},"end":{"line":92,"column":19}},"line":92},"28":{"name":"(anonymous_28)","decl":{"start":{"line":93,"column":13},"end":{"line":93,"column":14}},"loc":{"start":{"line":93,"column":19},"end":{"line":93,"column":36}},"line":93},"29":{"name":"(anonymous_29)","decl":{"start":{"line":98,"column":1},"end":{"line":98,"column":2}},"loc":{"start":{"line":98,"column":11},"end":{"line":98,"column":26}},"line":98},"30":{"name":"(anonymous_30)","decl":{"start":{"line":101,"column":1},"end":{"line":101,"column":2}},"loc":{"start":{"line":101,"column":20},"end":{"line":101,"column":32}},"line":101},"31":{"name":"(anonymous_31)","decl":{"start":{"line":102,"column":1},"end":{"line":102,"column":2}},"loc":{"start":{"line":102,"column":18},"end":{"line":102,"column":30}},"line":102},"32":{"name":"(anonymous_32)","decl":{"start":{"line":103,"column":1},"end":{"line":103,"column":2}},"loc":{"start":{"line":103,"column":17},"end":{"line":103,"column":29}},"line":103},"33":{"name":"(anonymous_33)","decl":{"start":{"line":104,"column":1},"end":{"line":104,"column":2}},"loc":{"start":{"line":104,"column":19},"end":{"line":104,"column":31}},"line":104},"34":{"name":"(anonymous_34)","decl":{"start":{"line":106,"column":1},"end":{"line":106,"column":2}},"loc":{"start":{"line":106,"column":20},"end":{"line":106,"column":32}},"line":106},"35":{"name":"(anonymous_35)","decl":{"start":{"line":107,"column":1},"end":{"line":107,"column":2}},"loc":{"start":{"line":107,"column":18},"end":{"line":107,"column":30}},"line":107},"36":{"name":"(anonymous_36)","decl":{"start":{"line":108,"column":1},"end":{"line":108,"column":2}},"loc":{"start":{"line":108,"column":21},"end":{"line":108,"column":33}},"line":108},"37":{"name":"(anonymous_37)","decl":{"start":{"line":109,"column":1},"end":{"line":109,"column":2}},"loc":{"start":{"line":109,"column":17},"end":{"line":109,"column":29}},"line":109},"38":{"name":"(anonymous_38)","decl":{"start":{"line":110,"column":1},"end":{"line":110,"column":2}},"loc":{"start":{"line":110,"column":20},"end":{"line":110,"column":32}},"line":110},"39":{"name":"(anonymous_39)","decl":{"start":{"line":111,"column":1},"end":{"line":111,"column":2}},"loc":{"start":{"line":111,"column":19},"end":{"line":111,"column":31}},"line":111},"40":{"name":"(anonymous_40)","decl":{"start":{"line":113,"column":1},"end":{"line":113,"column":2}},"loc":{"start":{"line":113,"column":20},"end":{"line":113,"column":22}},"line":113},"41":{"name":"(anonymous_41)","decl":{"start":{"line":116,"column":1},"end":{"line":116,"column":2}},"loc":{"start":{"line":116,"column":17},"end":{"line":116,"column":19}},"line":116}},"branchMap":{"0":{"loc":{"start":{"line":7,"column":22},"end":{"line":7,"column":37}},"type":"default-arg","locations":[{"start":{"line":7,"column":35},"end":{"line":7,"column":37}}],"line":7},"1":{"loc":{"start":{"line":8,"column":20},"end":{"line":8,"column":36}},"type":"binary-expr","locations":[{"start":{"line":8,"column":20},"end":{"line":8,"column":30}},{"start":{"line":8,"column":34},"end":{"line":8,"column":36}}],"line":8},"2":{"loc":{"start":{"line":9,"column":2},"end":{"line":9,"column":37}},"type":"if","locations":[{"start":{"line":9,"column":2},"end":{"line":9,"column":37}},{"start":{"line":9,"column":2},"end":{"line":9,"column":37}}],"line":9},"3":{"loc":{"start":{"line":21,"column":2},"end":{"line":22,"column":21}},"type":"if","locations":[{"start":{"line":21,"column":2},"end":{"line":22,"column":21}},{"start":{"line":21,"column":2},"end":{"line":22,"column":21}}],"line":21},"4":{"loc":{"start":{"line":47,"column":9},"end":{"line":47,"column":31}},"type":"cond-expr","locations":[{"start":{"line":47,"column":16},"end":{"line":47,"column":26}},{"start":{"line":47,"column":29},"end":{"line":47,"column":31}}],"line":47},"5":{"loc":{"start":{"line":60,"column":2},"end":{"line":63,"column":51}},"type":"if","locations":[{"start":{"line":60,"column":2},"end":{"line":63,"column":51}},{"start":{"line":60,"column":2},"end":{"line":63,"column":51}}],"line":60},"6":{"loc":{"start":{"line":70,"column":28},"end":{"line":70,"column":61}},"type":"cond-expr","locations":[{"start":{"line":70,"column":51},"end":{"line":70,"column":56}},{"start":{"line":70,"column":59},"end":{"line":70,"column":61}}],"line":70},"7":{"loc":{"start":{"line":75,"column":2},"end":{"line":78,"column":80}},"type":"if","locations":[{"start":{"line":75,"column":2},"end":{"line":78,"column":80}},{"start":{"line":75,"column":2},"end":{"line":78,"column":80}}],"line":75},"8":{"loc":{"start":{"line":84,"column":4},"end":{"line":84,"column":100}},"type":"if","locations":[{"start":{"line":84,"column":4},"end":{"line":84,"column":100}},{"start":{"line":84,"column":4},"end":{"line":84,"column":100}}],"line":84},"9":{"loc":{"start":{"line":86,"column":32},"end":{"line":86,"column":64}},"type":"cond-expr","locations":[{"start":{"line":86,"column":44},"end":{"line":86,"column":59}},{"start":{"line":86,"column":62},"end":{"line":86,"column":64}}],"line":86},"10":{"loc":{"start":{"line":90,"column":31},"end":{"line":90,"column":76}},"type":"cond-expr","locations":[{"start":{"line":90,"column":41},"end":{"line":90,"column":71}},{"start":{"line":90,"column":74},"end":{"line":90,"column":76}}],"line":90}},"s":{"0":10,"1":10,"2":5,"3":10,"4":10,"5":10,"6":10,"7":0,"8":0,"9":0,"10":0,"11":0,"12":0,"13":9,"14":0,"15":0,"16":14,"17":13,"18":14,"19":0,"20":0,"21":0,"22":0,"23":0,"24":0,"25":0,"26":0,"27":12,"28":0,"29":0,"30":0,"31":0,"32":0,"33":0,"34":0,"35":0,"36":0,"37":0,"38":0,"39":0,"40":0,"41":0,"42":0,"43":0,"44":0,"45":0,"46":0,"47":0,"48":0,"49":0,"50":0},"f":{"0":10,"1":0,"2":0,"3":0,"4":0,"5":0,"6":0,"7":0,"8":0,"9":0,"10":0,"11":9,"12":0,"13":0,"14":0,"15":14,"16":13,"17":0,"18":0,"19":0,"20":0,"21":0,"22":12,"23":0,"24":0,"25":0,"26":0,"27":0,"28":0,"29":0,"30":0,"31":0,"32":0,"33":0,"34":0,"35":0,"36":0,"37":0,"38":0,"39":0,"40":0,"41":0},"b":{"0":[10],"1":[10,0],"2":[5,5],"3":[0,0],"4":[4,10],"5":[0,0],"6":[12,0],"7":[0,0],"8":[0,0],"9":[0,0],"10":[0,0]},"_coverageSchema":"43e27e138ebf9cfc5966b082cf9a028302ed4184","hash":"898d0a1df2cd7366c84895fc7f8059a7262d0918"}
,"/Users/alexander/letsnet/root/bmpjs/ssr/dom/html-document.mjs": {"path":"/Users/alexander/letsnet/root/bmpjs/ssr/dom/html-document.mjs","statementMap":{"0":{"start":{"line":8,"column":2},"end":{"line":8,"column":9}},"1":{"start":{"line":9,"column":2},"end":{"line":9,"column":47}},"2":{"start":{"line":10,"column":2},"end":{"line":10,"column":47}},"3":{"start":{"line":11,"column":2},"end":{"line":11,"column":30}},"4":{"start":{"line":15,"column":2},"end":{"line":15,"column":24}},"5":{"start":{"line":19,"column":2},"end":{"line":20,"column":30}},"6":{"start":{"line":20,"column":3},"end":{"line":20,"column":30}},"7":{"start":{"line":21,"column":2},"end":{"line":21,"column":11}},"8":{"start":{"line":25,"column":2},"end":{"line":25,"column":31}},"9":{"start":{"line":33,"column":2},"end":{"line":33,"column":40}},"10":{"start":{"line":43,"column":24},"end":{"line":43,"column":47}},"11":{"start":{"line":44,"column":2},"end":{"line":50,"column":3}},"12":{"start":{"line":45,"column":20},"end":{"line":45,"column":54}},"13":{"start":{"line":46,"column":3},"end":{"line":46,"column":25}},"14":{"start":{"line":47,"column":3},"end":{"line":47,"column":18}},"15":{"start":{"line":49,"column":3},"end":{"line":49,"column":30}},"16":{"start":{"line":54,"column":2},"end":{"line":56,"column":3}}},"fnMap":{"0":{"name":"(anonymous_0)","decl":{"start":{"line":7,"column":1},"end":{"line":7,"column":2}},"loc":{"start":{"line":7,"column":22},"end":{"line":12,"column":2}},"line":7},"1":{"name":"(anonymous_1)","decl":{"start":{"line":14,"column":1},"end":{"line":14,"column":2}},"loc":{"start":{"line":14,"column":25},"end":{"line":16,"column":2}},"line":14},"2":{"name":"(anonymous_2)","decl":{"start":{"line":18,"column":1},"end":{"line":18,"column":2}},"loc":{"start":{"line":18,"column":31},"end":{"line":22,"column":2}},"line":18},"3":{"name":"(anonymous_3)","decl":{"start":{"line":24,"column":1},"end":{"line":24,"column":2}},"loc":{"start":{"line":24,"column":18},"end":{"line":26,"column":2}},"line":24},"4":{"name":"(anonymous_4)","decl":{"start":{"line":32,"column":1},"end":{"line":32,"column":2}},"loc":{"start":{"line":32,"column":20},"end":{"line":34,"column":2}},"line":32},"5":{"name":"(anonymous_5)","decl":{"start":{"line":42,"column":1},"end":{"line":42,"column":2}},"loc":{"start":{"line":42,"column":27},"end":{"line":51,"column":2}},"line":42},"6":{"name":"(anonymous_6)","decl":{"start":{"line":53,"column":1},"end":{"line":53,"column":2}},"loc":{"start":{"line":53,"column":22},"end":{"line":57,"column":2}},"line":53},"7":{"name":"(anonymous_7)","decl":{"start":{"line":55,"column":23},"end":{"line":55,"column":24}},"loc":{"start":{"line":55,"column":29},"end":{"line":55,"column":31}},"line":55}},"branchMap":{"0":{"loc":{"start":{"line":11,"column":17},"end":{"line":11,"column":30}},"type":"binary-expr","locations":[{"start":{"line":11,"column":17},"end":{"line":11,"column":24}},{"start":{"line":11,"column":28},"end":{"line":11,"column":30}}],"line":11},"1":{"loc":{"start":{"line":19,"column":2},"end":{"line":20,"column":30}},"type":"if","locations":[{"start":{"line":19,"column":2},"end":{"line":20,"column":30}},{"start":{"line":19,"column":2},"end":{"line":20,"column":30}}],"line":19},"2":{"loc":{"start":{"line":44,"column":2},"end":{"line":50,"column":3}},"type":"if","locations":[{"start":{"line":44,"column":2},"end":{"line":50,"column":3}},{"start":{"line":44,"column":2},"end":{"line":50,"column":3}}],"line":44}},"s":{"0":0,"1":0,"2":0,"3":0,"4":0,"5":0,"6":0,"7":0,"8":0,"9":0,"10":5,"11":5,"12":0,"13":0,"14":0,"15":5,"16":0},"f":{"0":0,"1":0,"2":0,"3":0,"4":0,"5":5,"6":0,"7":0},"b":{"0":[0,0],"1":[0,0],"2":[0,5]},"_coverageSchema":"43e27e138ebf9cfc5966b082cf9a028302ed4184","hash":"9d7601e972fbd86afb7df865032475f95d8149ca"}
,"/Users/alexander/letsnet/root/bmpjs/ssr/dom/html-element.mjs": {"path":"/Users/alexander/letsnet/root/bmpjs/ssr/dom/html-element.mjs","statementMap":{"0":{"start":{"line":8,"column":2},"end":{"line":8,"column":36}},"1":{"start":{"line":20,"column":13},"end":{"line":20,"column":42}},"2":{"start":{"line":22,"column":19},"end":{"line":22,"column":48}},"3":{"start":{"line":24,"column":2},"end":{"line":24,"column":11}},"4":{"start":{"line":29,"column":24},"end":{"line":29,"column":47}},"5":{"start":{"line":30,"column":11},"end":{"line":30,"column":15}},"6":{"start":{"line":31,"column":2},"end":{"line":35,"column":3}},"7":{"start":{"line":32,"column":3},"end":{"line":32,"column":42}},"8":{"start":{"line":34,"column":3},"end":{"line":34,"column":28}},"9":{"start":{"line":36,"column":2},"end":{"line":36,"column":18}},"10":{"start":{"line":37,"column":2},"end":{"line":37,"column":24}},"11":{"start":{"line":38,"column":2},"end":{"line":39,"column":70}},"12":{"start":{"line":39,"column":3},"end":{"line":39,"column":70}},"13":{"start":{"line":39,"column":42},"end":{"line":39,"column":68}},"14":{"start":{"line":40,"column":2},"end":{"line":40,"column":11}},"15":{"start":{"line":44,"column":14},"end":{"line":44,"column":31}},"16":{"start":{"line":45,"column":13},"end":{"line":45,"column":49}},"17":{"start":{"line":46,"column":2},"end":{"line":46,"column":26}},"18":{"start":{"line":50,"column":2},"end":{"line":52,"column":13}},"19":{"start":{"line":51,"column":3},"end":{"line":51,"column":71}},"20":{"start":{"line":55,"column":16},"end":{"line":55,"column":28}},"21":{"start":{"line":56,"column":15},"end":{"line":56,"column":24}},"22":{"start":{"line":57,"column":18},"end":{"line":57,"column":26}},"23":{"start":{"line":58,"column":15},"end":{"line":58,"column":24}},"24":{"start":{"line":59,"column":18},"end":{"line":59,"column":34}},"25":{"start":{"line":62,"column":20},"end":{"line":62,"column":42}},"26":{"start":{"line":63,"column":17},"end":{"line":63,"column":26}},"27":{"start":{"line":66,"column":21},"end":{"line":66,"column":29}},"28":{"start":{"line":67,"column":19},"end":{"line":67,"column":27}},"29":{"start":{"line":68,"column":22},"end":{"line":68,"column":30}},"30":{"start":{"line":69,"column":20},"end":{"line":69,"column":28}},"31":{"start":{"line":70,"column":22},"end":{"line":70,"column":30}},"32":{"start":{"line":73,"column":15},"end":{"line":73,"column":23}},"33":{"start":{"line":75,"column":18},"end":{"line":75,"column":30}},"34":{"start":{"line":78,"column":19},"end":{"line":78,"column":28}},"35":{"start":{"line":79,"column":27},"end":{"line":79,"column":38}},"36":{"start":{"line":80,"column":25},"end":{"line":80,"column":36}}},"fnMap":{"0":{"name":"(anonymous_0)","decl":{"start":{"line":7,"column":1},"end":{"line":7,"column":2}},"loc":{"start":{"line":7,"column":42},"end":{"line":9,"column":2}},"line":7},"1":{"name":"(anonymous_1)","decl":{"start":{"line":12,"column":1},"end":{"line":12,"column":2}},"loc":{"start":{"line":12,"column":20},"end":{"line":12,"column":22}},"line":12},"2":{"name":"(anonymous_2)","decl":{"start":{"line":13,"column":1},"end":{"line":13,"column":2}},"loc":{"start":{"line":13,"column":23},"end":{"line":13,"column":25}},"line":13},"3":{"name":"(anonymous_3)","decl":{"start":{"line":16,"column":1},"end":{"line":16,"column":2}},"loc":{"start":{"line":16,"column":9},"end":{"line":16,"column":11}},"line":16},"4":{"name":"(anonymous_4)","decl":{"start":{"line":17,"column":1},"end":{"line":17,"column":2}},"loc":{"start":{"line":17,"column":8},"end":{"line":17,"column":10}},"line":17},"5":{"name":"(anonymous_5)","decl":{"start":{"line":18,"column":1},"end":{"line":18,"column":2}},"loc":{"start":{"line":18,"column":9},"end":{"line":18,"column":11}},"line":18},"6":{"name":"(anonymous_6)","decl":{"start":{"line":20,"column":1},"end":{"line":20,"column":2}},"loc":{"start":{"line":20,"column":11},"end":{"line":20,"column":44}},"line":20},"7":{"name":"(anonymous_7)","decl":{"start":{"line":22,"column":1},"end":{"line":22,"column":2}},"loc":{"start":{"line":22,"column":17},"end":{"line":22,"column":50}},"line":22},"8":{"name":"(anonymous_8)","decl":{"start":{"line":23,"column":1},"end":{"line":23,"column":2}},"loc":{"start":{"line":23,"column":20},"end":{"line":25,"column":2}},"line":23},"9":{"name":"(anonymous_9)","decl":{"start":{"line":27,"column":1},"end":{"line":27,"column":2}},"loc":{"start":{"line":27,"column":43},"end":{"line":41,"column":2}},"line":27},"10":{"name":"(anonymous_10)","decl":{"start":{"line":39,"column":33},"end":{"line":39,"column":34}},"loc":{"start":{"line":39,"column":42},"end":{"line":39,"column":68}},"line":39},"11":{"name":"(anonymous_11)","decl":{"start":{"line":43,"column":1},"end":{"line":43,"column":2}},"loc":{"start":{"line":43,"column":24},"end":{"line":47,"column":2}},"line":43},"12":{"name":"(anonymous_12)","decl":{"start":{"line":49,"column":1},"end":{"line":49,"column":2}},"loc":{"start":{"line":49,"column":17},"end":{"line":53,"column":2}},"line":49},"13":{"name":"(anonymous_13)","decl":{"start":{"line":50,"column":30},"end":{"line":50,"column":31}},"loc":{"start":{"line":50,"column":39},"end":{"line":52,"column":3}},"line":50},"14":{"name":"(anonymous_14)","decl":{"start":{"line":55,"column":1},"end":{"line":55,"column":2}},"loc":{"start":{"line":55,"column":14},"end":{"line":55,"column":30}},"line":55},"15":{"name":"(anonymous_15)","decl":{"start":{"line":56,"column":1},"end":{"line":56,"column":2}},"loc":{"start":{"line":56,"column":13},"end":{"line":56,"column":26}},"line":56},"16":{"name":"(anonymous_16)","decl":{"start":{"line":57,"column":1},"end":{"line":57,"column":2}},"loc":{"start":{"line":57,"column":16},"end":{"line":57,"column":28}},"line":57},"17":{"name":"(anonymous_17)","decl":{"start":{"line":58,"column":1},"end":{"line":58,"column":2}},"loc":{"start":{"line":58,"column":13},"end":{"line":58,"column":26}},"line":58},"18":{"name":"(anonymous_18)","decl":{"start":{"line":59,"column":1},"end":{"line":59,"column":2}},"loc":{"start":{"line":59,"column":16},"end":{"line":59,"column":36}},"line":59},"19":{"name":"(anonymous_19)","decl":{"start":{"line":62,"column":1},"end":{"line":62,"column":2}},"loc":{"start":{"line":62,"column":18},"end":{"line":62,"column":44}},"line":62},"20":{"name":"(anonymous_20)","decl":{"start":{"line":63,"column":1},"end":{"line":63,"column":2}},"loc":{"start":{"line":63,"column":15},"end":{"line":63,"column":28}},"line":63},"21":{"name":"(anonymous_21)","decl":{"start":{"line":66,"column":1},"end":{"line":66,"column":2}},"loc":{"start":{"line":66,"column":19},"end":{"line":66,"column":31}},"line":66},"22":{"name":"(anonymous_22)","decl":{"start":{"line":67,"column":1},"end":{"line":67,"column":2}},"loc":{"start":{"line":67,"column":17},"end":{"line":67,"column":29}},"line":67},"23":{"name":"(anonymous_23)","decl":{"start":{"line":68,"column":1},"end":{"line":68,"column":2}},"loc":{"start":{"line":68,"column":20},"end":{"line":68,"column":32}},"line":68},"24":{"name":"(anonymous_24)","decl":{"start":{"line":69,"column":1},"end":{"line":69,"column":2}},"loc":{"start":{"line":69,"column":18},"end":{"line":69,"column":30}},"line":69},"25":{"name":"(anonymous_25)","decl":{"start":{"line":70,"column":1},"end":{"line":70,"column":2}},"loc":{"start":{"line":70,"column":20},"end":{"line":70,"column":32}},"line":70},"26":{"name":"(anonymous_26)","decl":{"start":{"line":73,"column":1},"end":{"line":73,"column":2}},"loc":{"start":{"line":73,"column":13},"end":{"line":73,"column":25}},"line":73},"27":{"name":"(anonymous_27)","decl":{"start":{"line":75,"column":1},"end":{"line":75,"column":2}},"loc":{"start":{"line":75,"column":16},"end":{"line":75,"column":32}},"line":75},"28":{"name":"(anonymous_28)","decl":{"start":{"line":78,"column":1},"end":{"line":78,"column":2}},"loc":{"start":{"line":78,"column":17},"end":{"line":78,"column":30}},"line":78},"29":{"name":"(anonymous_29)","decl":{"start":{"line":79,"column":1},"end":{"line":79,"column":2}},"loc":{"start":{"line":79,"column":25},"end":{"line":79,"column":40}},"line":79},"30":{"name":"(anonymous_30)","decl":{"start":{"line":80,"column":1},"end":{"line":80,"column":2}},"loc":{"start":{"line":80,"column":23},"end":{"line":80,"column":38}},"line":80}},"branchMap":{"0":{"loc":{"start":{"line":31,"column":2},"end":{"line":35,"column":3}},"type":"if","locations":[{"start":{"line":31,"column":2},"end":{"line":35,"column":3}},{"start":{"line":31,"column":2},"end":{"line":35,"column":3}}],"line":31},"1":{"loc":{"start":{"line":38,"column":2},"end":{"line":39,"column":70}},"type":"if","locations":[{"start":{"line":38,"column":2},"end":{"line":39,"column":70}},{"start":{"line":38,"column":2},"end":{"line":39,"column":70}}],"line":38},"2":{"loc":{"start":{"line":38,"column":6},"end":{"line":38,"column":33}},"type":"binary-expr","locations":[{"start":{"line":38,"column":6},"end":{"line":38,"column":14}},{"start":{"line":38,"column":18},"end":{"line":38,"column":33}}],"line":38},"3":{"loc":{"start":{"line":51,"column":10},"end":{"line":51,"column":71}},"type":"cond-expr","locations":[{"start":{"line":51,"column":37},"end":{"line":51,"column":52}},{"start":{"line":51,"column":55},"end":{"line":51,"column":71}}],"line":51}},"s":{"0":10,"1":0,"2":0,"3":0,"4":0,"5":0,"6":0,"7":0,"8":0,"9":0,"10":0,"11":0,"12":0,"13":0,"14":0,"15":0,"16":0,"17":0,"18":1,"19":1,"20":0,"21":0,"22":0,"23":0,"24":0,"25":0,"26":0,"27":0,"28":0,"29":0,"30":0,"31":0,"32":0,"33":0,"34":0,"35":0,"36":0},"f":{"0":10,"1":0,"2":0,"3":0,"4":0,"5":0,"6":0,"7":0,"8":0,"9":0,"10":0,"11":0,"12":1,"13":1,"14":0,"15":0,"16":0,"17":0,"18":0,"19":0,"20":0,"21":0,"22":0,"23":0,"24":0,"25":0,"26":0,"27":0,"28":0,"29":0,"30":0},"b":{"0":[0,0],"1":[0,0],"2":[0,0],"3":[0,1]},"_coverageSchema":"43e27e138ebf9cfc5966b082cf9a028302ed4184","hash":"eebe7958c05e0fcad546bf8cc9e749c979906e32"}
,"/Users/alexander/letsnet/root/bmpjs/ssr/drivers/html/virtual-dom.mjs": {"path":"/Users/alexander/letsnet/root/bmpjs/ssr/drivers/html/virtual-dom.mjs","statementMap":{"0":{"start":{"line":17,"column":4},"end":{"line":26,"column":3}},"1":{"start":{"line":21,"column":4},"end":{"line":24,"column":31}},"2":{"start":{"line":22,"column":5},"end":{"line":22,"column":34}},"3":{"start":{"line":24,"column":5},"end":{"line":24,"column":31}},"4":{"start":{"line":25,"column":27},"end":{"line":25,"column":41}},"5":{"start":{"line":35,"column":21},"end":{"line":35,"column":79}},"6":{"start":{"line":35,"column":50},"end":{"line":35,"column":77}},"7":{"start":{"line":36,"column":2},"end":{"line":36,"column":38}},"8":{"start":{"line":46,"column":48},"end":{"line":46,"column":56}},"9":{"start":{"line":47,"column":16},"end":{"line":47,"column":51}},"10":{"start":{"line":48,"column":2},"end":{"line":52,"column":3}},"11":{"start":{"line":49,"column":3},"end":{"line":49,"column":91}},"12":{"start":{"line":49,"column":56},"end":{"line":49,"column":88}},"13":{"start":{"line":50,"column":15},"end":{"line":50,"column":42}},"14":{"start":{"line":51,"column":3},"end":{"line":51,"column":46}},"15":{"start":{"line":51,"column":34},"end":{"line":51,"column":46}},"16":{"start":{"line":53,"column":2},"end":{"line":53,"column":38}},"17":{"start":{"line":54,"column":2},"end":{"line":54,"column":16}},"18":{"start":{"line":63,"column":2},"end":{"line":66,"column":3}},"19":{"start":{"line":64,"column":3},"end":{"line":64,"column":29}},"20":{"start":{"line":65,"column":3},"end":{"line":65,"column":17}},"21":{"start":{"line":68,"column":2},"end":{"line":69,"column":28}},"22":{"start":{"line":69,"column":3},"end":{"line":69,"column":28}},"23":{"start":{"line":71,"column":2},"end":{"line":72,"column":12}},"24":{"start":{"line":72,"column":3},"end":{"line":72,"column":12}},"25":{"start":{"line":74,"column":2},"end":{"line":75,"column":41}},"26":{"start":{"line":75,"column":3},"end":{"line":75,"column":41}},"27":{"start":{"line":77,"column":2},"end":{"line":77,"column":45}},"28":{"start":{"line":87,"column":18},"end":{"line":87,"column":27}},"29":{"start":{"line":88,"column":2},"end":{"line":89,"column":53}},"30":{"start":{"line":89,"column":3},"end":{"line":89,"column":53}},"31":{"start":{"line":91,"column":2},"end":{"line":103,"column":3}},"32":{"start":{"line":93,"column":3},"end":{"line":94,"column":27}},"33":{"start":{"line":94,"column":4},"end":{"line":94,"column":27}},"34":{"start":{"line":95,"column":3},"end":{"line":96,"column":32}},"35":{"start":{"line":96,"column":4},"end":{"line":96,"column":32}},"36":{"start":{"line":98,"column":3},"end":{"line":98,"column":45}},"37":{"start":{"line":99,"column":9},"end":{"line":103,"column":3}},"38":{"start":{"line":101,"column":3},"end":{"line":101,"column":38}},"39":{"start":{"line":102,"column":3},"end":{"line":102,"column":44}},"40":{"start":{"line":104,"column":2},"end":{"line":104,"column":57}}},"fnMap":{"0":{"name":"(anonymous_0)","decl":{"start":{"line":16,"column":1},"end":{"line":16,"column":2}},"loc":{"start":{"line":16,"column":50},"end":{"line":27,"column":2}},"line":16},"1":{"name":"(anonymous_1)","decl":{"start":{"line":20,"column":29},"end":{"line":20,"column":30}},"loc":{"start":{"line":20,"column":49},"end":{"line":25,"column":4}},"line":20},"2":{"name":"(anonymous_2)","decl":{"start":{"line":25,"column":18},"end":{"line":25,"column":19}},"loc":{"start":{"line":25,"column":27},"end":{"line":25,"column":41}},"line":25},"3":{"name":"(anonymous_3)","decl":{"start":{"line":34,"column":1},"end":{"line":34,"column":2}},"loc":{"start":{"line":34,"column":30},"end":{"line":37,"column":2}},"line":34},"4":{"name":"(anonymous_4)","decl":{"start":{"line":35,"column":36},"end":{"line":35,"column":37}},"loc":{"start":{"line":35,"column":50},"end":{"line":35,"column":77}},"line":35},"5":{"name":"(anonymous_5)","decl":{"start":{"line":44,"column":1},"end":{"line":44,"column":2}},"loc":{"start":{"line":44,"column":34},"end":{"line":55,"column":2}},"line":44},"6":{"name":"(anonymous_6)","decl":{"start":{"line":49,"column":48},"end":{"line":49,"column":49}},"loc":{"start":{"line":49,"column":56},"end":{"line":49,"column":88}},"line":49},"7":{"name":"(anonymous_7)","decl":{"start":{"line":62,"column":1},"end":{"line":62,"column":2}},"loc":{"start":{"line":62,"column":29},"end":{"line":78,"column":2}},"line":62},"8":{"name":"(anonymous_8)","decl":{"start":{"line":86,"column":1},"end":{"line":86,"column":2}},"loc":{"start":{"line":86,"column":41},"end":{"line":105,"column":2}},"line":86}},"branchMap":{"0":{"loc":{"start":{"line":19,"column":10},"end":{"line":19,"column":21}},"type":"binary-expr","locations":[{"start":{"line":19,"column":10},"end":{"line":19,"column":15}},{"start":{"line":19,"column":19},"end":{"line":19,"column":21}}],"line":19},"1":{"loc":{"start":{"line":21,"column":4},"end":{"line":24,"column":31}},"type":"if","locations":[{"start":{"line":21,"column":4},"end":{"line":24,"column":31}},{"start":{"line":21,"column":4},"end":{"line":24,"column":31}}],"line":21},"2":{"loc":{"start":{"line":46,"column":30},"end":{"line":46,"column":43}},"type":"default-arg","locations":[{"start":{"line":46,"column":41},"end":{"line":46,"column":43}}],"line":46},"3":{"loc":{"start":{"line":48,"column":2},"end":{"line":52,"column":3}},"type":"if","locations":[{"start":{"line":48,"column":2},"end":{"line":52,"column":3}},{"start":{"line":48,"column":2},"end":{"line":52,"column":3}}],"line":48},"4":{"loc":{"start":{"line":51,"column":3},"end":{"line":51,"column":46}},"type":"if","locations":[{"start":{"line":51,"column":3},"end":{"line":51,"column":46}},{"start":{"line":51,"column":3},"end":{"line":51,"column":46}}],"line":51},"5":{"loc":{"start":{"line":63,"column":2},"end":{"line":66,"column":3}},"type":"if","locations":[{"start":{"line":63,"column":2},"end":{"line":66,"column":3}},{"start":{"line":63,"column":2},"end":{"line":66,"column":3}}],"line":63},"6":{"loc":{"start":{"line":68,"column":2},"end":{"line":69,"column":28}},"type":"if","locations":[{"start":{"line":68,"column":2},"end":{"line":69,"column":28}},{"start":{"line":68,"column":2},"end":{"line":69,"column":28}}],"line":68},"7":{"loc":{"start":{"line":71,"column":2},"end":{"line":72,"column":12}},"type":"if","locations":[{"start":{"line":71,"column":2},"end":{"line":72,"column":12}},{"start":{"line":71,"column":2},"end":{"line":72,"column":12}}],"line":71},"8":{"loc":{"start":{"line":74,"column":2},"end":{"line":75,"column":41}},"type":"if","locations":[{"start":{"line":74,"column":2},"end":{"line":75,"column":41}},{"start":{"line":74,"column":2},"end":{"line":75,"column":41}}],"line":74},"9":{"loc":{"start":{"line":86,"column":25},"end":{"line":86,"column":39}},"type":"default-arg","locations":[{"start":{"line":86,"column":37},"end":{"line":86,"column":39}}],"line":86},"10":{"loc":{"start":{"line":88,"column":2},"end":{"line":89,"column":53}},"type":"if","locations":[{"start":{"line":88,"column":2},"end":{"line":89,"column":53}},{"start":{"line":88,"column":2},"end":{"line":89,"column":53}}],"line":88},"11":{"loc":{"start":{"line":91,"column":2},"end":{"line":103,"column":3}},"type":"if","locations":[{"start":{"line":91,"column":2},"end":{"line":103,"column":3}},{"start":{"line":91,"column":2},"end":{"line":103,"column":3}}],"line":91},"12":{"loc":{"start":{"line":93,"column":3},"end":{"line":94,"column":27}},"type":"if","locations":[{"start":{"line":93,"column":3},"end":{"line":94,"column":27}},{"start":{"line":93,"column":3},"end":{"line":94,"column":27}}],"line":93},"13":{"loc":{"start":{"line":95,"column":3},"end":{"line":96,"column":32}},"type":"if","locations":[{"start":{"line":95,"column":3},"end":{"line":96,"column":32}},{"start":{"line":95,"column":3},"end":{"line":96,"column":32}}],"line":95},"14":{"loc":{"start":{"line":99,"column":9},"end":{"line":103,"column":3}},"type":"if","locations":[{"start":{"line":99,"column":9},"end":{"line":103,"column":3}},{"start":{"line":99,"column":9},"end":{"line":103,"column":3}}],"line":99}},"s":{"0":2,"1":3,"2":0,"3":3,"4":3,"5":10,"6":5,"7":10,"8":5,"9":5,"10":5,"11":2,"12":4,"13":2,"14":2,"15":1,"16":5,"17":5,"18":24,"19":4,"20":4,"21":20,"22":4,"23":16,"24":3,"25":13,"26":10,"27":3,"28":9,"29":9,"30":0,"31":9,"32":1,"33":0,"34":1,"35":1,"36":1,"37":8,"38":1,"39":1,"40":9},"f":{"0":2,"1":3,"2":3,"3":10,"4":5,"5":5,"6":4,"7":24,"8":9},"b":{"0":[2,1],"1":[0,3],"2":[3],"3":[2,3],"4":[1,1],"5":[4,20],"6":[4,16],"7":[3,13],"8":[10,3],"9":[4],"10":[0,9],"11":[1,8],"12":[0,1],"13":[1,0],"14":[1,7]},"_coverageSchema":"43e27e138ebf9cfc5966b082cf9a028302ed4184","hash":"ca47833aca402a7eb5e3dbb09438e8ff4e0d83d1"}
,"/Users/alexander/letsnet/root/bmpjs/ssr/utils/html.mjs": {"path":"/Users/alexander/letsnet/root/bmpjs/ssr/utils/html.mjs","statementMap":{"0":{"start":{"line":5,"column":19},"end":{"line":14,"column":1}},"1":{"start":{"line":6,"column":1},"end":{"line":7,"column":24}},"2":{"start":{"line":7,"column":2},"end":{"line":7,"column":24}},"3":{"start":{"line":8,"column":2},"end":{"line":13,"column":28}},"4":{"start":{"line":16,"column":23},"end":{"line":32,"column":1}},"5":{"start":{"line":33,"column":18},"end":{"line":33,"column":30}},"6":{"start":{"line":34,"column":25},"end":{"line":34,"column":66}},"7":{"start":{"line":34,"column":32},"end":{"line":34,"column":66}},"8":{"start":{"line":49,"column":23},"end":{"line":57,"column":1}},"9":{"start":{"line":50,"column":1},"end":{"line":50,"column":66}},"10":{"start":{"line":50,"column":57},"end":{"line":50,"column":66}},"11":{"start":{"line":51,"column":1},"end":{"line":56,"column":13}},"12":{"start":{"line":52,"column":20},"end":{"line":52,"column":81}},"13":{"start":{"line":53,"column":33},"end":{"line":53,"column":108}},"14":{"start":{"line":54,"column":33},"end":{"line":54,"column":79}},"15":{"start":{"line":55,"column":30},"end":{"line":55,"column":84}}},"fnMap":{"0":{"name":"(anonymous_0)","decl":{"start":{"line":5,"column":19},"end":{"line":5,"column":20}},"loc":{"start":{"line":5,"column":27},"end":{"line":14,"column":1}},"line":5},"1":{"name":"(anonymous_1)","decl":{"start":{"line":34,"column":25},"end":{"line":34,"column":26}},"loc":{"start":{"line":34,"column":32},"end":{"line":34,"column":66}},"line":34},"2":{"name":"(anonymous_2)","decl":{"start":{"line":49,"column":23},"end":{"line":49,"column":24}},"loc":{"start":{"line":49,"column":32},"end":{"line":57,"column":1}},"line":49},"3":{"name":"(anonymous_3)","decl":{"start":{"line":52,"column":12},"end":{"line":52,"column":13}},"loc":{"start":{"line":52,"column":20},"end":{"line":52,"column":81}},"line":52},"4":{"name":"(anonymous_4)","decl":{"start":{"line":53,"column":12},"end":{"line":53,"column":13}},"loc":{"start":{"line":53,"column":33},"end":{"line":53,"column":108}},"line":53},"5":{"name":"(anonymous_5)","decl":{"start":{"line":54,"column":12},"end":{"line":54,"column":13}},"loc":{"start":{"line":54,"column":33},"end":{"line":54,"column":79}},"line":54},"6":{"name":"(anonymous_6)","decl":{"start":{"line":55,"column":9},"end":{"line":55,"column":10}},"loc":{"start":{"line":55,"column":30},"end":{"line":55,"column":84}},"line":55}},"branchMap":{"0":{"loc":{"start":{"line":6,"column":1},"end":{"line":7,"column":24}},"type":"if","locations":[{"start":{"line":6,"column":1},"end":{"line":7,"column":24}},{"start":{"line":6,"column":1},"end":{"line":7,"column":24}}],"line":6},"1":{"loc":{"start":{"line":34,"column":32},"end":{"line":34,"column":66}},"type":"cond-expr","locations":[{"start":{"line":34,"column":53},"end":{"line":34,"column":60}},{"start":{"line":34,"column":63},"end":{"line":34,"column":66}}],"line":34},"2":{"loc":{"start":{"line":50,"column":1},"end":{"line":50,"column":66}},"type":"if","locations":[{"start":{"line":50,"column":1},"end":{"line":50,"column":66}},{"start":{"line":50,"column":1},"end":{"line":50,"column":66}}],"line":50},"3":{"loc":{"start":{"line":50,"column":6},"end":{"line":50,"column":54}},"type":"binary-expr","locations":[{"start":{"line":50,"column":6},"end":{"line":50,"column":12}},{"start":{"line":50,"column":16},"end":{"line":50,"column":37}},{"start":{"line":50,"column":41},"end":{"line":50,"column":54}}],"line":50},"4":{"loc":{"start":{"line":53,"column":33},"end":{"line":53,"column":108}},"type":"binary-expr","locations":[{"start":{"line":53,"column":33},"end":{"line":53,"column":58}},{"start":{"line":53,"column":63},"end":{"line":53,"column":88}},{"start":{"line":53,"column":92},"end":{"line":53,"column":107}}],"line":53},"5":{"loc":{"start":{"line":54,"column":35},"end":{"line":54,"column":78}},"type":"binary-expr","locations":[{"start":{"line":54,"column":35},"end":{"line":54,"column":68}},{"start":{"line":54,"column":72},"end":{"line":54,"column":78}}],"line":54}},"s":{"0":4,"1":6,"2":6,"3":6,"4":4,"5":4,"6":4,"7":8,"8":4,"9":1,"10":0,"11":1,"12":8,"13":5,"14":4,"15":4},"f":{"0":6,"1":8,"2":1,"3":8,"4":5,"5":4,"6":4},"b":{"0":[6,0],"1":[0,8],"2":[0,1],"3":[1,1,1],"4":[5,5,2],"5":[4,0]},"_coverageSchema":"43e27e138ebf9cfc5966b082cf9a028302ed4184","hash":"e5db31161244c2f1409470c07c30293e7bccc58e"}
,"/Users/alexander/letsnet/root/bmpjs/ssr/utils/uri.mjs": {"path":"/Users/alexander/letsnet/root/bmpjs/ssr/utils/uri.mjs","statementMap":{"0":{"start":{"line":12,"column":22},"end":{"line":17,"column":1}},"1":{"start":{"line":13,"column":1},"end":{"line":13,"column":45}},"2":{"start":{"line":13,"column":35},"end":{"line":13,"column":45}},"3":{"start":{"line":14,"column":2},"end":{"line":16,"column":29}},"4":{"start":{"line":25,"column":19},"end":{"line":25,"column":60}},"5":{"start":{"line":25,"column":26},"end":{"line":25,"column":60}},"6":{"start":{"line":38,"column":27},"end":{"line":50,"column":1}},"7":{"start":{"line":39,"column":21},"end":{"line":39,"column":23}},"8":{"start":{"line":40,"column":1},"end":{"line":41,"column":37}},"9":{"start":{"line":41,"column":2},"end":{"line":41,"column":37}},"10":{"start":{"line":43,"column":21},"end":{"line":43,"column":37}},"11":{"start":{"line":44,"column":2},"end":{"line":46,"column":3}},"12":{"start":{"line":45,"column":4},"end":{"line":45,"column":68}},"13":{"start":{"line":47,"column":2},"end":{"line":47,"column":51}},"14":{"start":{"line":49,"column":2},"end":{"line":49,"column":30}},"15":{"start":{"line":57,"column":28},"end":{"line":68,"column":1}},"16":{"start":{"line":58,"column":14},"end":{"line":66,"column":12}},"17":{"start":{"line":60,"column":22},"end":{"line":60,"column":35}},"18":{"start":{"line":62,"column":19},"end":{"line":62,"column":48}},"19":{"start":{"line":63,"column":3},"end":{"line":63,"column":29}},"20":{"start":{"line":63,"column":15},"end":{"line":63,"column":29}},"21":{"start":{"line":64,"column":3},"end":{"line":64,"column":21}},"22":{"start":{"line":67,"column":1},"end":{"line":67,"column":28}}},"fnMap":{"0":{"name":"(anonymous_0)","decl":{"start":{"line":12,"column":22},"end":{"line":12,"column":23}},"loc":{"start":{"line":12,"column":30},"end":{"line":17,"column":1}},"line":12},"1":{"name":"(anonymous_1)","decl":{"start":{"line":25,"column":19},"end":{"line":25,"column":20}},"loc":{"start":{"line":25,"column":26},"end":{"line":25,"column":60}},"line":25},"2":{"name":"(anonymous_2)","decl":{"start":{"line":38,"column":27},"end":{"line":38,"column":28}},"loc":{"start":{"line":38,"column":34},"end":{"line":50,"column":1}},"line":38},"3":{"name":"(anonymous_3)","decl":{"start":{"line":57,"column":28},"end":{"line":57,"column":29}},"loc":{"start":{"line":57,"column":49},"end":{"line":68,"column":1}},"line":57},"4":{"name":"(anonymous_4)","decl":{"start":{"line":60,"column":11},"end":{"line":60,"column":12}},"loc":{"start":{"line":60,"column":22},"end":{"line":60,"column":35}},"line":60},"5":{"name":"(anonymous_5)","decl":{"start":{"line":61,"column":8},"end":{"line":61,"column":9}},"loc":{"start":{"line":61,"column":19},"end":{"line":65,"column":3}},"line":61}},"branchMap":{"0":{"loc":{"start":{"line":13,"column":1},"end":{"line":13,"column":45}},"type":"if","locations":[{"start":{"line":13,"column":1},"end":{"line":13,"column":45}},{"start":{"line":13,"column":1},"end":{"line":13,"column":45}}],"line":13},"1":{"loc":{"start":{"line":13,"column":6},"end":{"line":13,"column":32}},"type":"binary-expr","locations":[{"start":{"line":13,"column":6},"end":{"line":13,"column":18}},{"start":{"line":13,"column":22},"end":{"line":13,"column":32}}],"line":13},"2":{"loc":{"start":{"line":40,"column":1},"end":{"line":41,"column":37}},"type":"if","locations":[{"start":{"line":40,"column":1},"end":{"line":41,"column":37}},{"start":{"line":40,"column":1},"end":{"line":41,"column":37}}],"line":40},"3":{"loc":{"start":{"line":44,"column":2},"end":{"line":46,"column":3}},"type":"if","locations":[{"start":{"line":44,"column":2},"end":{"line":46,"column":3}},{"start":{"line":44,"column":2},"end":{"line":46,"column":3}}],"line":44},"4":{"loc":{"start":{"line":63,"column":3},"end":{"line":63,"column":29}},"type":"if","locations":[{"start":{"line":63,"column":3},"end":{"line":63,"column":29}},{"start":{"line":63,"column":3},"end":{"line":63,"column":29}}],"line":63}},"s":{"0":2,"1":20,"2":2,"3":18,"4":2,"5":4,"6":2,"7":16,"8":16,"9":10,"10":6,"11":6,"12":0,"13":6,"14":6,"15":2,"16":6,"17":28,"18":16,"19":16,"20":10,"21":6,"22":6},"f":{"0":20,"1":4,"2":16,"3":6,"4":28,"5":16},"b":{"0":[2,18],"1":[20,19],"2":[10,6],"3":[0,6],"4":[10,6]},"_coverageSchema":"43e27e138ebf9cfc5966b082cf9a028302ed4184","hash":"da3efade358740d9c0c45b33045dc94d8ac28469"}
}
