TN:
SF:/Users/alexander/letsnet/root/bmpjs/ssr/core/sitemap-generator.mjs
FN:7,(anonymous_0)
FN:8,(anonymous_1)
FN:12,(anonymous_2)
FN:18,(anonymous_3)
FN:20,(anonymous_4)
FNF:5
FNH:5
FNDA:1,(anonymous_0)
FNDA:2,(anonymous_1)
FNDA:1,(anonymous_2)
FNDA:1,(anonymous_3)
FNDA:2,(anonymous_4)
DA:6,1
DA:7,1
DA:8,2
DA:14,1
DA:15,1
DA:20,1
DA:22,2
DA:23,2
DA:25,1
LF:9
LH:9
BRF:0
BRH:0
end_of_record
TN:
SF:/Users/alexander/letsnet/root/bmpjs/ssr/dom/custom-elements.mjs
FN:6,(anonymous_0)
FN:10,(anonymous_1)
FN:11,(anonymous_2)
FN:14,(anonymous_3)
FN:20,(anonymous_4)
FNF:5
FNH:5
FNDA:5,(anonymous_0)
FNDA:12,(anonymous_1)
FNDA:4,(anonymous_2)
FNDA:9,(anonymous_3)
FNDA:3,(anonymous_4)
DA:7,5
DA:11,12
DA:16,9
DA:21,3
DA:22,1
DA:24,2
DA:31,4
LF:7
LH:7
BRDA:21,0,0,1
BRDA:21,0,1,2
BRF:2
BRH:2
end_of_record
TN:
SF:/Users/alexander/letsnet/root/bmpjs/ssr/dom/element.mjs
FN:7,(anonymous_0)
FN:19,(anonymous_1)
FN:20,(anonymous_2)
FN:22,(anonymous_3)
FN:23,(anonymous_4)
FN:24,(anonymous_5)
FN:27,(anonymous_6)
FN:28,(anonymous_7)
FN:29,(anonymous_8)
FN:30,(anonymous_9)
FN:33,(anonymous_10)
FN:36,(anonymous_11)
FN:37,(anonymous_12)
FN:39,(anonymous_13)
FN:41,(anonymous_14)
FN:42,(anonymous_15)
FN:46,(anonymous_16)
FN:47,(anonymous_17)
FN:50,(anonymous_18)
FN:54,(anonymous_19)
FN:62,(anonymous_20)
FN:65,(anonymous_21)
FN:69,(anonymous_22)
FN:77,(anonymous_23)
FN:79,(anonymous_24)
FN:84,(anonymous_25)
FN:88,(anonymous_26)
FN:89,(anonymous_27)
FN:94,(anonymous_28)
FN:97,(anonymous_29)
FN:98,(anonymous_30)
FN:99,(anonymous_31)
FN:100,(anonymous_32)
FN:102,(anonymous_33)
FN:103,(anonymous_34)
FN:104,(anonymous_35)
FN:105,(anonymous_36)
FN:106,(anonymous_37)
FN:107,(anonymous_38)
FN:109,(anonymous_39)
FN:112,(anonymous_40)
FNF:41
FNH:6
FNDA:15,(anonymous_0)
FNDA:0,(anonymous_1)
FNDA:0,(anonymous_2)
FNDA:0,(anonymous_3)
FNDA:0,(anonymous_4)
FNDA:0,(anonymous_5)
FNDA:0,(anonymous_6)
FNDA:0,(anonymous_7)
FNDA:0,(anonymous_8)
FNDA:0,(anonymous_9)
FNDA:14,(anonymous_10)
FNDA:0,(anonymous_11)
FNDA:0,(anonymous_12)
FNDA:0,(anonymous_13)
FNDA:23,(anonymous_14)
FNDA:18,(anonymous_15)
FNDA:0,(anonymous_16)
FNDA:0,(anonymous_17)
FNDA:0,(anonymous_18)
FNDA:1,(anonymous_19)
FNDA:0,(anonymous_20)
FNDA:18,(anonymous_21)
FNDA:0,(anonymous_22)
FNDA:0,(anonymous_23)
FNDA:0,(anonymous_24)
FNDA:0,(anonymous_25)
FNDA:0,(anonymous_26)
FNDA:0,(anonymous_27)
FNDA:0,(anonymous_28)
FNDA:0,(anonymous_29)
FNDA:0,(anonymous_30)
FNDA:0,(anonymous_31)
FNDA:0,(anonymous_32)
FNDA:0,(anonymous_33)
FNDA:0,(anonymous_34)
FNDA:0,(anonymous_35)
FNDA:0,(anonymous_36)
FNDA:0,(anonymous_37)
FNDA:0,(anonymous_38)
FNDA:0,(anonymous_39)
FNDA:0,(anonymous_40)
DA:8,15
DA:9,15
DA:10,15
DA:11,15
DA:12,15
DA:14,15
DA:15,15
DA:20,0
DA:27,0
DA:30,0
DA:34,14
DA:37,0
DA:42,23
DA:43,23
DA:47,0
DA:51,0
DA:55,1
DA:56,1
DA:57,0
DA:59,1
DA:63,0
DA:66,18
DA:70,0
DA:71,0
DA:72,0
DA:74,0
DA:78,0
DA:80,0
DA:81,0
DA:82,0
DA:85,0
DA:86,0
DA:89,0
DA:94,0
DA:97,0
DA:98,0
DA:99,0
DA:100,0
DA:102,0
DA:103,0
DA:104,0
DA:105,0
DA:106,0
DA:107,0
LF:44
LH:14
BRDA:7,0,0,15
BRDA:8,1,0,15
BRDA:8,1,1,0
BRDA:9,2,0,10
BRDA:9,2,1,5
BRDA:43,3,0,7
BRDA:43,3,1,16
BRDA:56,4,0,0
BRDA:56,4,1,1
BRDA:66,5,0,18
BRDA:66,5,1,0
BRDA:71,6,0,0
BRDA:71,6,1,0
BRDA:80,7,0,0
BRDA:80,7,1,0
BRDA:82,8,0,0
BRDA:82,8,1,0
BRDA:86,9,0,0
BRDA:86,9,1,0
BRF:19
BRH:8
end_of_record
TN:
SF:/Users/alexander/letsnet/root/bmpjs/ssr/dom/html-document.mjs
FN:7,(anonymous_0)
FN:14,(anonymous_1)
FN:18,(anonymous_2)
FN:24,(anonymous_3)
FN:32,(anonymous_4)
FN:42,(anonymous_5)
FN:53,(anonymous_6)
FN:55,(anonymous_7)
FNF:8
FNH:1
FNDA:0,(anonymous_0)
FNDA:0,(anonymous_1)
FNDA:0,(anonymous_2)
FNDA:0,(anonymous_3)
FNDA:0,(anonymous_4)
FNDA:8,(anonymous_5)
FNDA:0,(anonymous_6)
FNDA:0,(anonymous_7)
DA:8,0
DA:9,0
DA:10,0
DA:11,0
DA:15,0
DA:19,0
DA:20,0
DA:21,0
DA:25,0
DA:33,0
DA:43,8
DA:44,8
DA:45,0
DA:46,0
DA:47,0
DA:49,8
DA:54,0
LF:17
LH:3
BRDA:11,0,0,0
BRDA:11,0,1,0
BRDA:19,1,0,0
BRDA:19,1,1,0
BRDA:44,2,0,0
BRDA:44,2,1,8
BRF:6
BRH:1
end_of_record
TN:
SF:/Users/alexander/letsnet/root/bmpjs/ssr/dom/html-element.mjs
FN:7,(anonymous_0)
FN:12,(anonymous_1)
FN:13,(anonymous_2)
FN:16,(anonymous_3)
FN:17,(anonymous_4)
FN:18,(anonymous_5)
FN:20,(anonymous_6)
FN:22,(anonymous_7)
FN:23,(anonymous_8)
FN:27,(anonymous_9)
FN:31,(anonymous_10)
FN:35,(anonymous_11)
FN:41,(anonymous_12)
FN:48,(anonymous_13)
FN:60,(anonymous_14)
FN:64,(anonymous_15)
FN:72,(anonymous_16)
FN:73,(anonymous_17)
FN:78,(anonymous_18)
FN:79,(anonymous_19)
FN:80,(anonymous_20)
FN:81,(anonymous_21)
FN:82,(anonymous_22)
FN:85,(anonymous_23)
FN:86,(anonymous_24)
FN:89,(anonymous_25)
FN:90,(anonymous_26)
FN:91,(anonymous_27)
FN:92,(anonymous_28)
FN:93,(anonymous_29)
FN:96,(anonymous_30)
FN:98,(anonymous_31)
FN:101,(anonymous_32)
FN:102,(anonymous_33)
FN:103,(anonymous_34)
FNF:35
FNH:5
FNDA:15,(anonymous_0)
FNDA:0,(anonymous_1)
FNDA:0,(anonymous_2)
FNDA:0,(anonymous_3)
FNDA:0,(anonymous_4)
FNDA:0,(anonymous_5)
FNDA:0,(anonymous_6)
FNDA:0,(anonymous_7)
FNDA:0,(anonymous_8)
FNDA:0,(anonymous_9)
FNDA:0,(anonymous_10)
FNDA:15,(anonymous_11)
FNDA:0,(anonymous_12)
FNDA:0,(anonymous_13)
FNDA:0,(anonymous_14)
FNDA:15,(anonymous_15)
FNDA:3,(anonymous_16)
FNDA:3,(anonymous_17)
FNDA:0,(anonymous_18)
FNDA:0,(anonymous_19)
FNDA:0,(anonymous_20)
FNDA:0,(anonymous_21)
FNDA:0,(anonymous_22)
FNDA:0,(anonymous_23)
FNDA:0,(anonymous_24)
FNDA:0,(anonymous_25)
FNDA:0,(anonymous_26)
FNDA:0,(anonymous_27)
FNDA:0,(anonymous_28)
FNDA:0,(anonymous_29)
FNDA:0,(anonymous_30)
FNDA:0,(anonymous_31)
FNDA:0,(anonymous_32)
FNDA:0,(anonymous_33)
FNDA:0,(anonymous_34)
DA:8,15
DA:20,0
DA:22,0
DA:24,0
DA:28,0
DA:32,0
DA:36,15
DA:37,0
DA:42,0
DA:43,0
DA:44,0
DA:45,0
DA:50,0
DA:51,0
DA:52,0
DA:53,0
DA:55,0
DA:57,0
DA:58,0
DA:59,0
DA:60,0
DA:61,0
DA:67,15
DA:68,15
DA:69,15
DA:73,3
DA:74,3
DA:78,0
DA:79,0
DA:80,0
DA:81,0
DA:82,0
DA:85,0
DA:86,0
DA:89,0
DA:90,0
DA:91,0
DA:92,0
DA:93,0
DA:96,0
DA:98,0
DA:101,0
DA:102,0
DA:103,0
LF:44
LH:7
BRDA:36,0,0,0
BRDA:36,0,1,15
BRDA:42,1,0,0
BRDA:42,1,1,0
BRDA:52,2,0,0
BRDA:52,2,1,0
BRDA:59,3,0,0
BRDA:59,3,1,0
BRDA:59,4,0,0
BRDA:59,4,1,0
BRDA:67,5,0,14
BRDA:67,5,1,1
BRDA:74,6,0,0
BRDA:74,6,1,3
BRF:14
BRH:4
end_of_record
TN:
SF:/Users/alexander/letsnet/root/bmpjs/ssr/drivers/html/virtual-dom.mjs
FN:17,(anonymous_0)
FN:21,(anonymous_1)
FN:26,(anonymous_2)
FN:35,(anonymous_3)
FN:36,(anonymous_4)
FN:45,(anonymous_5)
FN:50,(anonymous_6)
FN:63,(anonymous_7)
FN:90,(anonymous_8)
FNF:9
FNH:9
FNDA:3,(anonymous_0)
FNDA:4,(anonymous_1)
FNDA:6,(anonymous_2)
FNDA:16,(anonymous_3)
FNDA:9,(anonymous_4)
FNDA:8,(anonymous_5)
FNDA:5,(anonymous_6)
FNDA:36,(anonymous_7)
FNDA:14,(anonymous_8)
DA:18,3
DA:22,4
DA:23,1
DA:25,3
DA:26,6
DA:36,16
DA:37,16
DA:47,8
DA:48,8
DA:49,8
DA:50,5
DA:51,3
DA:52,3
DA:54,8
DA:55,8
DA:64,36
DA:65,6
DA:68,30
DA:69,6
DA:71,6
DA:75,24
DA:76,2
DA:78,22
DA:79,16
DA:81,6
DA:91,14
DA:92,14
DA:93,1
DA:95,14
DA:97,1
DA:98,1
DA:99,1
DA:100,1
DA:102,1
DA:103,13
DA:105,1
DA:108,14
DA:109,1
DA:111,14
LF:39
LH:39
BRDA:20,0,0,3
BRDA:20,0,1,1
BRDA:22,1,0,1
BRDA:22,1,1,3
BRDA:47,2,0,6
BRDA:49,3,0,3
BRDA:49,3,1,5
BRDA:52,4,0,1
BRDA:52,4,1,2
BRDA:64,5,0,6
BRDA:64,5,1,30
BRDA:68,6,0,6
BRDA:68,6,1,24
BRDA:75,7,0,2
BRDA:75,7,1,22
BRDA:78,8,0,16
BRDA:78,8,1,6
BRDA:90,9,0,6
BRDA:92,10,0,1
BRDA:92,10,1,13
BRDA:95,11,0,1
BRDA:95,11,1,13
BRDA:97,12,0,1
BRDA:97,12,1,0
BRDA:99,13,0,1
BRDA:99,13,1,0
BRDA:103,14,0,1
BRDA:103,14,1,12
BRDA:108,15,0,1
BRDA:108,15,1,13
BRF:30
BRH:28
end_of_record
TN:
SF:/Users/alexander/letsnet/root/bmpjs/ssr/utils/html.mjs
FN:5,(anonymous_0)
FN:34,(anonymous_1)
FN:49,(anonymous_2)
FN:52,(anonymous_3)
FN:53,(anonymous_4)
FN:54,(anonymous_5)
FN:55,(anonymous_6)
FNF:7
FNH:7
FNDA:12,(anonymous_0)
FNDA:10,(anonymous_1)
FNDA:6,(anonymous_2)
FNDA:9,(anonymous_3)
FNDA:6,(anonymous_4)
FNDA:5,(anonymous_5)
FNDA:5,(anonymous_6)
DA:5,4
DA:6,12
DA:7,10
DA:8,10
DA:16,4
DA:33,4
DA:34,10
DA:49,4
DA:50,6
DA:51,1
DA:52,9
DA:53,6
DA:54,5
DA:55,5
LF:14
LH:14
BRDA:6,0,0,2
BRDA:6,0,1,10
BRDA:6,1,0,12
BRDA:6,1,1,9
BRDA:7,2,0,10
BRDA:7,2,1,0
BRDA:34,3,0,2
BRDA:34,3,1,8
BRDA:50,4,0,5
BRDA:50,4,1,1
BRDA:50,5,0,6
BRDA:50,5,1,2
BRDA:50,5,2,2
BRDA:53,6,0,6
BRDA:53,6,1,6
BRDA:53,6,2,2
BRDA:54,7,0,5
BRDA:54,7,1,1
BRF:18
BRH:17
end_of_record
TN:
SF:/Users/alexander/letsnet/root/bmpjs/ssr/utils/timeline.mjs
FN:2,(anonymous_0)
FN:3,(anonymous_1)
FN:6,(anonymous_2)
FNF:3
FNH:1
FNDA:0,(anonymous_0)
FNDA:3,(anonymous_1)
FNDA:0,(anonymous_2)
DA:2,3
DA:3,3
DA:4,3
DA:6,3
LF:4
LH:4
BRDA:6,0,0,0
BRF:1
BRH:0
end_of_record
TN:
SF:/Users/alexander/letsnet/root/bmpjs/ssr/utils/uri.mjs
FN:12,(anonymous_0)
FN:25,(anonymous_1)
FN:38,(anonymous_2)
FN:57,(anonymous_3)
FN:60,(anonymous_4)
FN:61,(anonymous_5)
FNF:6
FNH:6
FNDA:21,(anonymous_0)
FNDA:4,(anonymous_1)
FNDA:17,(anonymous_2)
FNDA:7,(anonymous_3)
FNDA:31,(anonymous_4)
FNDA:17,(anonymous_5)
DA:12,2
DA:13,21
DA:14,19
DA:25,4
DA:38,2
DA:39,17
DA:40,17
DA:41,10
DA:43,7
DA:44,7
DA:45,1
DA:47,7
DA:49,7
DA:57,2
DA:58,7
DA:60,31
DA:62,17
DA:63,17
DA:64,7
DA:67,7
LF:20
LH:20
BRDA:13,0,0,2
BRDA:13,0,1,19
BRDA:13,1,0,21
BRDA:13,1,1,20
BRDA:40,2,0,10
BRDA:40,2,1,7
BRDA:44,3,0,1
BRDA:44,3,1,6
BRDA:63,4,0,10
BRDA:63,4,1,7
BRF:10
BRH:10
end_of_record
